Analysis & Synthesis report for week8HW
Fri Nov 17 12:20:15 2023
Quartus Prime Version 20.1.1 Build 720 11/11/2020 SJ Lite Edition


---------------------
; Table of Contents ;
---------------------
  1. Legal Notice
  2. Analysis & Synthesis Summary
  3. Analysis & Synthesis Settings
  4. Parallel Compilation
  5. Analysis & Synthesis Source Files Read
  6. Analysis & Synthesis Resource Usage Summary
  7. Analysis & Synthesis Resource Utilization by Entity
  8. State Machine - |task1_2_top|my_key_seg1:uut_my_key_seg|operator
  9. State Machine - |task1_2_top|my_key_seg1:uut_my_key_seg|state
 10. State Machine - |task1_2_top|my_key_seg1:uut_my_key_seg|state1
 11. Registers Removed During Synthesis
 12. Removed Registers Triggering Further Register Optimizations
 13. General Register Statistics
 14. Inverted Register Statistics
 15. Multiplexer Restructuring Statistics (Restructuring Performed)
 16. Post-Synthesis Netlist Statistics for Top Partition
 17. Elapsed Time Per Partition
 18. Analysis & Synthesis Messages



----------------
; Legal Notice ;
----------------
Copyright (C) 2020  Intel Corporation. All rights reserved.
Your use of Intel Corporation's design tools, logic functions 
and other software and tools, and any partner logic 
functions, and any output files from any of the foregoing 
(including device programming or simulation files), and any 
associated documentation or information are expressly subject 
to the terms and conditions of the Intel Program License 
Subscription Agreement, the Intel Quartus Prime License Agreement,
the Intel FPGA IP License Agreement, or other applicable license
agreement, including, without limitation, that your use is for
the sole purpose of programming logic devices manufactured by
Intel and sold by Intel or its authorized distributors.  Please
refer to the applicable agreement for further details, at
https://fpgasoftware.intel.com/eula.



+----------------------------------------------------------------------------------+
; Analysis & Synthesis Summary                                                     ;
+------------------------------------+---------------------------------------------+
; Analysis & Synthesis Status        ; Successful - Fri Nov 17 12:20:15 2023       ;
; Quartus Prime Version              ; 20.1.1 Build 720 11/11/2020 SJ Lite Edition ;
; Revision Name                      ; week8HW                                     ;
; Top-level Entity Name              ; task1_2_top                                 ;
; Family                             ; Cyclone 10 LP                               ;
; Total logic elements               ; 234                                         ;
;     Total combinational functions  ; 209                                         ;
;     Dedicated logic registers      ; 151                                         ;
; Total registers                    ; 151                                         ;
; Total pins                         ; 28                                          ;
; Total virtual pins                 ; 0                                           ;
; Total memory bits                  ; 0                                           ;
; Embedded Multiplier 9-bit elements ; 0                                           ;
; Total PLLs                         ; 0                                           ;
+------------------------------------+---------------------------------------------+


+------------------------------------------------------------------------------------------------------------+
; Analysis & Synthesis Settings                                                                              ;
+------------------------------------------------------------------+--------------------+--------------------+
; Option                                                           ; Setting            ; Default Value      ;
+------------------------------------------------------------------+--------------------+--------------------+
; Device                                                           ; 10CL006YE144C8G    ;                    ;
; Top-level entity name                                            ; task1_2_top        ; week8HW            ;
; Family name                                                      ; Cyclone 10 LP      ; Cyclone V          ;
; Use smart compilation                                            ; Off                ; Off                ;
; Enable parallel Assembler and Timing Analyzer during compilation ; On                 ; On                 ;
; Enable compact report table                                      ; Off                ; Off                ;
; Restructure Multiplexers                                         ; Auto               ; Auto               ;
; Create Debugging Nodes for IP Cores                              ; Off                ; Off                ;
; Preserve fewer node names                                        ; On                 ; On                 ;
; Intel FPGA IP Evaluation Mode                                    ; Enable             ; Enable             ;
; Verilog Version                                                  ; Verilog_2001       ; Verilog_2001       ;
; VHDL Version                                                     ; VHDL_1993          ; VHDL_1993          ;
; State Machine Processing                                         ; Auto               ; Auto               ;
; Safe State Machine                                               ; Off                ; Off                ;
; Extract Verilog State Machines                                   ; On                 ; On                 ;
; Extract VHDL State Machines                                      ; On                 ; On                 ;
; Ignore Verilog initial constructs                                ; Off                ; Off                ;
; Iteration limit for constant Verilog loops                       ; 5000               ; 5000               ;
; Iteration limit for non-constant Verilog loops                   ; 250                ; 250                ;
; Add Pass-Through Logic to Inferred RAMs                          ; On                 ; On                 ;
; Infer RAMs from Raw Logic                                        ; On                 ; On                 ;
; Parallel Synthesis                                               ; On                 ; On                 ;
; DSP Block Balancing                                              ; Auto               ; Auto               ;
; NOT Gate Push-Back                                               ; On                 ; On                 ;
; Power-Up Don't Care                                              ; On                 ; On                 ;
; Remove Redundant Logic Cells                                     ; Off                ; Off                ;
; Remove Duplicate Registers                                       ; On                 ; On                 ;
; Ignore CARRY Buffers                                             ; Off                ; Off                ;
; Ignore CASCADE Buffers                                           ; Off                ; Off                ;
; Ignore GLOBAL Buffers                                            ; Off                ; Off                ;
; Ignore ROW GLOBAL Buffers                                        ; Off                ; Off                ;
; Ignore LCELL Buffers                                             ; Off                ; Off                ;
; Ignore SOFT Buffers                                              ; On                 ; On                 ;
; Limit AHDL Integers to 32 Bits                                   ; Off                ; Off                ;
; Optimization Technique                                           ; Balanced           ; Balanced           ;
; Carry Chain Length                                               ; 70                 ; 70                 ;
; Auto Carry Chains                                                ; On                 ; On                 ;
; Auto Open-Drain Pins                                             ; On                 ; On                 ;
; Perform WYSIWYG Primitive Resynthesis                            ; Off                ; Off                ;
; Auto ROM Replacement                                             ; On                 ; On                 ;
; Auto RAM Replacement                                             ; On                 ; On                 ;
; Auto DSP Block Replacement                                       ; On                 ; On                 ;
; Auto Shift Register Replacement                                  ; Auto               ; Auto               ;
; Allow Shift Register Merging across Hierarchies                  ; Auto               ; Auto               ;
; Auto Clock Enable Replacement                                    ; On                 ; On                 ;
; Strict RAM Replacement                                           ; Off                ; Off                ;
; Allow Synchronous Control Signals                                ; On                 ; On                 ;
; Force Use of Synchronous Clear Signals                           ; Off                ; Off                ;
; Auto RAM Block Balancing                                         ; On                 ; On                 ;
; Auto RAM to Logic Cell Conversion                                ; Off                ; Off                ;
; Auto Resource Sharing                                            ; Off                ; Off                ;
; Allow Any RAM Size For Recognition                               ; Off                ; Off                ;
; Allow Any ROM Size For Recognition                               ; Off                ; Off                ;
; Allow Any Shift Register Size For Recognition                    ; Off                ; Off                ;
; Use LogicLock Constraints during Resource Balancing              ; On                 ; On                 ;
; Ignore translate_off and synthesis_off directives                ; Off                ; Off                ;
; Timing-Driven Synthesis                                          ; On                 ; On                 ;
; Report Parameter Settings                                        ; On                 ; On                 ;
; Report Source Assignments                                        ; On                 ; On                 ;
; Report Connectivity Checks                                       ; On                 ; On                 ;
; Ignore Maximum Fan-Out Assignments                               ; Off                ; Off                ;
; Synchronization Register Chain Length                            ; 2                  ; 2                  ;
; Power Optimization During Synthesis                              ; Normal compilation ; Normal compilation ;
; HDL message level                                                ; Level2             ; Level2             ;
; Suppress Register Optimization Related Messages                  ; Off                ; Off                ;
; Number of Removed Registers Reported in Synthesis Report         ; 5000               ; 5000               ;
; Number of Swept Nodes Reported in Synthesis Report               ; 5000               ; 5000               ;
; Number of Inverted Registers Reported in Synthesis Report        ; 100                ; 100                ;
; Clock MUX Protection                                             ; On                 ; On                 ;
; Auto Gated Clock Conversion                                      ; Off                ; Off                ;
; Block Design Naming                                              ; Auto               ; Auto               ;
; SDC constraint protection                                        ; Off                ; Off                ;
; Synthesis Effort                                                 ; Auto               ; Auto               ;
; Shift Register Replacement - Allow Asynchronous Clear Signal     ; On                 ; On                 ;
; Pre-Mapping Resynthesis Optimization                             ; Off                ; Off                ;
; Analysis & Synthesis Message Level                               ; Medium             ; Medium             ;
; Disable Register Merging Across Hierarchies                      ; Auto               ; Auto               ;
; Resource Aware Inference For Block RAM                           ; On                 ; On                 ;
+------------------------------------------------------------------+--------------------+--------------------+


+------------------------------------------+
; Parallel Compilation                     ;
+----------------------------+-------------+
; Processors                 ; Number      ;
+----------------------------+-------------+
; Number detected on machine ; 16          ;
; Maximum allowed            ; 16          ;
;                            ;             ;
; Average used               ; 1.01        ;
; Maximum used               ; 16          ;
;                            ;             ;
; Usage by Processor         ; % Time Used ;
;     Processor 1            ; 100.0%      ;
;     Processors 2-16        ;   0.1%      ;
+----------------------------+-------------+


+-----------------------------------------------------------------------------------------------------------------------------------------------------------+
; Analysis & Synthesis Source Files Read                                                                                                                    ;
+----------------------------------+-----------------+------------------------------+-------------------------------------------------------------+---------+
; File Name with User-Entered Path ; Used in Netlist ; File Type                    ; File Name with Absolute Path                                ; Library ;
+----------------------------------+-----------------+------------------------------+-------------------------------------------------------------+---------+
; task1_2/task1_2_top.v            ; yes             ; User Verilog HDL File        ; G:/software/FPGA/workplace/week8/task1_2/task1_2_top.v      ;         ;
; task1_2/my_key_seg1.v            ; yes             ; Auto-Found Verilog HDL File  ; G:/software/FPGA/workplace/week8/task1_2/my_key_seg1.v      ;         ;
; task1_2/my_key_fre_div.v         ; yes             ; Auto-Found Verilog HDL File  ; G:/software/FPGA/workplace/week8/task1_2/my_key_fre_div.v   ;         ;
; task1_2/button_detection.v       ; yes             ; Auto-Found Verilog HDL File  ; G:/software/FPGA/workplace/week8/task1_2/button_detection.v ;         ;
+----------------------------------+-----------------+------------------------------+-------------------------------------------------------------+---------+


+---------------------------------------------------------+
; Analysis & Synthesis Resource Usage Summary             ;
+---------------------------------------------+-----------+
; Resource                                    ; Usage     ;
+---------------------------------------------+-----------+
; Estimated Total logic elements              ; 234       ;
;                                             ;           ;
; Total combinational functions               ; 209       ;
; Logic element usage by number of LUT inputs ;           ;
;     -- 4 input functions                    ; 68        ;
;     -- 3 input functions                    ; 8         ;
;     -- <=2 input functions                  ; 133       ;
;                                             ;           ;
; Logic elements by mode                      ;           ;
;     -- normal mode                          ; 117       ;
;     -- arithmetic mode                      ; 92        ;
;                                             ;           ;
; Total registers                             ; 151       ;
;     -- Dedicated logic registers            ; 151       ;
;     -- I/O registers                        ; 0         ;
;                                             ;           ;
; I/O pins                                    ; 28        ;
;                                             ;           ;
; Embedded Multiplier 9-bit elements          ; 0         ;
;                                             ;           ;
; Maximum fan-out node                        ; rst~input ;
; Maximum fan-out                             ; 151       ;
; Total fan-out                               ; 1104      ;
; Average fan-out                             ; 2.65      ;
+---------------------------------------------+-----------+


+--------------------------------------------------------------------------------------------------------------------------------------------------------------------------------------------------------------------------------------------------------------+
; Analysis & Synthesis Resource Utilization by Entity                                                                                                                                                                                                          ;
+--------------------------------------------+---------------------+---------------------------+-------------+--------------+---------+-----------+------+--------------+----------------------------------------------------+------------------+--------------+
; Compilation Hierarchy Node                 ; Combinational ALUTs ; Dedicated Logic Registers ; Memory Bits ; DSP Elements ; DSP 9x9 ; DSP 18x18 ; Pins ; Virtual Pins ; Full Hierarchy Name                                ; Entity Name      ; Library Name ;
+--------------------------------------------+---------------------+---------------------------+-------------+--------------+---------+-----------+------+--------------+----------------------------------------------------+------------------+--------------+
; |task1_2_top                               ; 209 (0)             ; 151 (0)                   ; 0           ; 0            ; 0       ; 0         ; 28   ; 0            ; |task1_2_top                                       ; task1_2_top      ; work         ;
;    |button_detection:uut_button_detection| ; 56 (56)             ; 46 (46)                   ; 0           ; 0            ; 0       ; 0         ; 0    ; 0            ; |task1_2_top|button_detection:uut_button_detection ; button_detection ; work         ;
;    |my_key_fre_div:uut_fre_div|            ; 99 (99)             ; 64 (64)                   ; 0           ; 0            ; 0       ; 0         ; 0    ; 0            ; |task1_2_top|my_key_fre_div:uut_fre_div            ; my_key_fre_div   ; work         ;
;    |my_key_seg1:uut_my_key_seg|            ; 54 (54)             ; 41 (41)                   ; 0           ; 0            ; 0       ; 0         ; 0    ; 0            ; |task1_2_top|my_key_seg1:uut_my_key_seg            ; my_key_seg1      ; work         ;
+--------------------------------------------+---------------------+---------------------------+-------------+--------------+---------+-----------+------+--------------+----------------------------------------------------+------------------+--------------+
Note: For table entries with two numbers listed, the numbers in parentheses indicate the number of resources of the given type used by the specific entity alone. The numbers listed outside of parentheses indicate the total resources of the given type used by the specific entity and all of its sub-entities in the hierarchy.


Encoding Type:  One-Hot
+--------------------------------------------------------------------------------------------------------+
; State Machine - |task1_2_top|my_key_seg1:uut_my_key_seg|operator                                       ;
+--------------+--------------+--------------+--------------+--------------+--------------+--------------+
; Name         ; operator.101 ; operator.100 ; operator.011 ; operator.010 ; operator.001 ; operator.000 ;
+--------------+--------------+--------------+--------------+--------------+--------------+--------------+
; operator.000 ; 0            ; 0            ; 0            ; 0            ; 0            ; 0            ;
; operator.001 ; 0            ; 0            ; 0            ; 0            ; 1            ; 1            ;
; operator.010 ; 0            ; 0            ; 0            ; 1            ; 0            ; 1            ;
; operator.011 ; 0            ; 0            ; 1            ; 0            ; 0            ; 1            ;
; operator.100 ; 0            ; 1            ; 0            ; 0            ; 0            ; 1            ;
; operator.101 ; 1            ; 0            ; 0            ; 0            ; 0            ; 1            ;
+--------------+--------------+--------------+--------------+--------------+--------------+--------------+


Encoding Type:  One-Hot
+---------------------------------------------------------------+
; State Machine - |task1_2_top|my_key_seg1:uut_my_key_seg|state ;
+----------+----------+----------+----------+-------------------+
; Name     ; state.11 ; state.10 ; state.01 ; state.00          ;
+----------+----------+----------+----------+-------------------+
; state.00 ; 0        ; 0        ; 0        ; 0                 ;
; state.01 ; 0        ; 0        ; 1        ; 1                 ;
; state.10 ; 0        ; 1        ; 0        ; 1                 ;
; state.11 ; 1        ; 0        ; 0        ; 1                 ;
+----------+----------+----------+----------+-------------------+


Encoding Type:  One-Hot
+----------------------------------------------------------------+
; State Machine - |task1_2_top|my_key_seg1:uut_my_key_seg|state1 ;
+-----------+-----------+-----------+-----------+----------------+
; Name      ; state1.11 ; state1.10 ; state1.01 ; state1.00      ;
+-----------+-----------+-----------+-----------+----------------+
; state1.00 ; 0         ; 0         ; 0         ; 0              ;
; state1.01 ; 0         ; 0         ; 1         ; 1              ;
; state1.10 ; 0         ; 1         ; 0         ; 1              ;
; state1.11 ; 1         ; 0         ; 0         ; 1              ;
+-----------+-----------+-----------+-----------+----------------+


+---------------------------------------------------------------------------------------------+
; Registers Removed During Synthesis                                                          ;
+-----------------------------------------+---------------------------------------------------+
; Register name                           ; Reason for Removal                                ;
+-----------------------------------------+---------------------------------------------------+
; my_key_seg1:uut_my_key_seg|data[12..15] ; Stuck at GND due to stuck port data_in            ;
; my_key_seg1:uut_my_key_seg|seg[7]       ; Stuck at VCC due to stuck port data_in            ;
; my_key_seg1:uut_my_key_seg|first_num[7] ; Merged with my_key_seg1:uut_my_key_seg|data[7]    ;
; my_key_seg1:uut_my_key_seg|first_num[6] ; Merged with my_key_seg1:uut_my_key_seg|data[6]    ;
; my_key_seg1:uut_my_key_seg|first_num[5] ; Merged with my_key_seg1:uut_my_key_seg|data[5]    ;
; my_key_seg1:uut_my_key_seg|first_num[4] ; Merged with my_key_seg1:uut_my_key_seg|data[4]    ;
; my_key_seg1:uut_my_key_seg|first_num[3] ; Merged with my_key_seg1:uut_my_key_seg|data[3]    ;
; my_key_seg1:uut_my_key_seg|first_num[2] ; Merged with my_key_seg1:uut_my_key_seg|data[2]    ;
; my_key_seg1:uut_my_key_seg|first_num[1] ; Merged with my_key_seg1:uut_my_key_seg|data[1]    ;
; my_key_seg1:uut_my_key_seg|first_num[0] ; Merged with my_key_seg1:uut_my_key_seg|data[0]    ;
; my_key_seg1:uut_my_key_seg|operator~5   ; Lost fanout                                       ;
; my_key_seg1:uut_my_key_seg|operator~6   ; Lost fanout                                       ;
; my_key_seg1:uut_my_key_seg|operator~7   ; Lost fanout                                       ;
; my_key_seg1:uut_my_key_seg|state~4      ; Lost fanout                                       ;
; my_key_seg1:uut_my_key_seg|state~5      ; Lost fanout                                       ;
; my_key_seg1:uut_my_key_seg|state1~4     ; Lost fanout                                       ;
; my_key_seg1:uut_my_key_seg|state1~5     ; Lost fanout                                       ;
; my_key_seg1:uut_my_key_seg|operator.000 ; Lost fanout                                       ;
; my_key_seg1:uut_my_key_seg|operator.001 ; Lost fanout                                       ;
; my_key_seg1:uut_my_key_seg|operator.010 ; Lost fanout                                       ;
; my_key_seg1:uut_my_key_seg|operator.011 ; Lost fanout                                       ;
; my_key_seg1:uut_my_key_seg|operator.100 ; Lost fanout                                       ;
; my_key_seg1:uut_my_key_seg|operator.101 ; Lost fanout                                       ;
; my_key_seg1:uut_my_key_seg|state.01     ; Merged with my_key_seg1:uut_my_key_seg|hl[0]      ;
; my_key_seg1:uut_my_key_seg|state.10     ; Merged with my_key_seg1:uut_my_key_seg|hl[1]      ;
; my_key_seg1:uut_my_key_seg|state.11     ; Merged with my_key_seg1:uut_my_key_seg|hl[2]      ;
; my_key_fre_div:uut_fre_div|div_cnt1[0]  ; Merged with my_key_fre_div:uut_fre_div|div_cnt[0] ;
; my_key_fre_div:uut_fre_div|div_cnt1[1]  ; Merged with my_key_fre_div:uut_fre_div|div_cnt[1] ;
; Total Number of Removed Registers = 31  ;                                                   ;
+-----------------------------------------+---------------------------------------------------+


+------------------------------------------------------------------------------------------------------------------------------------------------+
; Removed Registers Triggering Further Register Optimizations                                                                                    ;
+---------------------------------------+--------------------+-----------------------------------------------------------------------------------+
; Register name                         ; Reason for Removal ; Registers Removed due to This Register                                            ;
+---------------------------------------+--------------------+-----------------------------------------------------------------------------------+
; my_key_seg1:uut_my_key_seg|operator~5 ; Lost Fanouts       ; my_key_seg1:uut_my_key_seg|operator.001, my_key_seg1:uut_my_key_seg|operator.011, ;
;                                       ;                    ; my_key_seg1:uut_my_key_seg|operator.101                                           ;
; my_key_seg1:uut_my_key_seg|operator~6 ; Lost Fanouts       ; my_key_seg1:uut_my_key_seg|operator.010                                           ;
; my_key_seg1:uut_my_key_seg|operator~7 ; Lost Fanouts       ; my_key_seg1:uut_my_key_seg|operator.100                                           ;
+---------------------------------------+--------------------+-----------------------------------------------------------------------------------+


+------------------------------------------------------+
; General Register Statistics                          ;
+----------------------------------------------+-------+
; Statistic                                    ; Value ;
+----------------------------------------------+-------+
; Total registers                              ; 151   ;
; Number of registers using Synchronous Clear  ; 0     ;
; Number of registers using Synchronous Load   ; 0     ;
; Number of registers using Asynchronous Clear ; 151   ;
; Number of registers using Asynchronous Load  ; 0     ;
; Number of registers using Clock Enable       ; 52    ;
; Number of registers using Preset             ; 0     ;
+----------------------------------------------+-------+


+-----------------------------------------------------------+
; Inverted Register Statistics                              ;
+-------------------------------------------------+---------+
; Inverted Register                               ; Fan out ;
+-------------------------------------------------+---------+
; button_detection:uut_button_detection|vl_out[0] ; 1       ;
; button_detection:uut_button_detection|vl_out[1] ; 1       ;
; button_detection:uut_button_detection|vl_out[2] ; 1       ;
; button_detection:uut_button_detection|vl_out[3] ; 1       ;
; my_key_seg1:uut_my_key_seg|hl[0]                ; 12      ;
; my_key_seg1:uut_my_key_seg|hl[1]                ; 11      ;
; my_key_seg1:uut_my_key_seg|hl[2]                ; 13      ;
; my_key_seg1:uut_my_key_seg|hl[3]                ; 10      ;
; my_key_seg1:uut_my_key_seg|digit[0]             ; 1       ;
; my_key_seg1:uut_my_key_seg|digit[1]             ; 1       ;
; my_key_seg1:uut_my_key_seg|digit[2]             ; 1       ;
; my_key_seg1:uut_my_key_seg|digit[3]             ; 1       ;
; my_key_seg1:uut_my_key_seg|seg[6]               ; 1       ;
; my_key_seg1:uut_my_key_seg|current_key[0]       ; 1       ;
; my_key_seg1:uut_my_key_seg|current_key[1]       ; 1       ;
; my_key_seg1:uut_my_key_seg|current_key[2]       ; 1       ;
; my_key_seg1:uut_my_key_seg|current_key[3]       ; 1       ;
; Total number of inverted registers = 17         ;         ;
+-------------------------------------------------+---------+


+----------------------------------------------------------------------------------------------------------------------------------------------------------------------+
; Multiplexer Restructuring Statistics (Restructuring Performed)                                                                                                       ;
+--------------------+-----------+---------------+----------------------+------------------------+------------+--------------------------------------------------------+
; Multiplexer Inputs ; Bus Width ; Baseline Area ; Area if Restructured ; Saving if Restructured ; Registered ; Example Multiplexer Output                             ;
+--------------------+-----------+---------------+----------------------+------------------------+------------+--------------------------------------------------------+
; 4:1                ; 4 bits    ; 8 LEs         ; 8 LEs                ; 0 LEs                  ; Yes        ; |task1_2_top|my_key_seg1:uut_my_key_seg|data_temp[2]   ;
; 256:1              ; 4 bits    ; 680 LEs       ; 128 LEs              ; 552 LEs                ; Yes        ; |task1_2_top|my_key_seg1:uut_my_key_seg|current_key[3] ;
; 256:1              ; 5 bits    ; 850 LEs       ; 20 LEs               ; 830 LEs                ; No         ; |task1_2_top|my_key_seg1:uut_my_key_seg|Selector12     ;
+--------------------+-----------+---------------+----------------------+------------------------+------------+--------------------------------------------------------+


+-----------------------------------------------------+
; Post-Synthesis Netlist Statistics for Top Partition ;
+-----------------------+-----------------------------+
; Type                  ; Count                       ;
+-----------------------+-----------------------------+
; boundary_port         ; 28                          ;
; cycloneiii_ff         ; 151                         ;
;     CLR               ; 99                          ;
;     ENA CLR           ; 52                          ;
; cycloneiii_lcell_comb ; 223                         ;
;     arith             ; 92                          ;
;         2 data inputs ; 91                          ;
;         3 data inputs ; 1                           ;
;     normal            ; 131                         ;
;         0 data inputs ; 1                           ;
;         1 data inputs ; 25                          ;
;         2 data inputs ; 30                          ;
;         3 data inputs ; 7                           ;
;         4 data inputs ; 68                          ;
;                       ;                             ;
; Max LUT depth         ; 4.10                        ;
; Average LUT depth     ; 3.04                        ;
+-----------------------+-----------------------------+


+-------------------------------+
; Elapsed Time Per Partition    ;
+----------------+--------------+
; Partition Name ; Elapsed Time ;
+----------------+--------------+
; Top            ; 00:00:00     ;
+----------------+--------------+


+-------------------------------+
; Analysis & Synthesis Messages ;
+-------------------------------+
Info: *******************************************************************
Info: Running Quartus Prime Analysis & Synthesis
    Info: Version 20.1.1 Build 720 11/11/2020 SJ Lite Edition
    Info: Processing started: Fri Nov 17 12:20:08 2023
Info: Command: quartus_map --read_settings_files=on --write_settings_files=off week8HW -c week8HW
Warning (18236): Number of processors has not been specified which may cause overloading on shared machines.  Set the global assignment NUM_PARALLEL_PROCESSORS in your QSF to an appropriate value for best performance.
Info (20030): Parallel compilation is enabled and will use 16 of the 16 processors detected
Warning (10274): Verilog HDL macro warning at button_detection.v(4): overriding existing definition for macro "CNT_MAX", which was defined in "task1_2/my_key_fre_div.v", line 2 File: G:/software/FPGA/workplace/week8/task1_2/button_detection.v Line: 4
Info (12021): Found 4 design units, including 4 entities, in source file task1_2/task1_2_top.v
    Info (12023): Found entity 1: my_key_seg1 File: G:/software/FPGA/workplace/week8/task1_2/my_key_seg1.v Line: 1
    Info (12023): Found entity 2: my_key_fre_div File: G:/software/FPGA/workplace/week8/task1_2/my_key_fre_div.v Line: 4
    Info (12023): Found entity 3: button_detection File: G:/software/FPGA/workplace/week8/task1_2/button_detection.v Line: 4
    Info (12023): Found entity 4: task1_2_top File: G:/software/FPGA/workplace/week8/task1_2/task1_2_top.v Line: 4
Info (12127): Elaborating entity "task1_2_top" for the top level hierarchy
Info (12128): Elaborating entity "my_key_fre_div" for hierarchy "my_key_fre_div:uut_fre_div" File: G:/software/FPGA/workplace/week8/task1_2/task1_2_top.v Line: 22
Info (12128): Elaborating entity "button_detection" for hierarchy "button_detection:uut_button_detection" File: G:/software/FPGA/workplace/week8/task1_2/task1_2_top.v Line: 29
Info (12128): Elaborating entity "my_key_seg1" for hierarchy "my_key_seg1:uut_my_key_seg" File: G:/software/FPGA/workplace/week8/task1_2/task1_2_top.v Line: 39
Warning (10036): Verilog HDL or VHDL warning at my_key_seg1.v(187): object "result" assigned a value but never read File: G:/software/FPGA/workplace/week8/task1_2/my_key_seg1.v Line: 187
Warning (10230): Verilog HDL assignment warning at my_key_seg1.v(99): truncated value with size 32 to match size of target (1) File: G:/software/FPGA/workplace/week8/task1_2/my_key_seg1.v Line: 99
Warning (10230): Verilog HDL assignment warning at my_key_seg1.v(103): truncated value with size 32 to match size of target (1) File: G:/software/FPGA/workplace/week8/task1_2/my_key_seg1.v Line: 103
Warning (10230): Verilog HDL assignment warning at my_key_seg1.v(113): truncated value with size 32 to match size of target (1) File: G:/software/FPGA/workplace/week8/task1_2/my_key_seg1.v Line: 113
Warning (10230): Verilog HDL assignment warning at my_key_seg1.v(118): truncated value with size 32 to match size of target (1) File: G:/software/FPGA/workplace/week8/task1_2/my_key_seg1.v Line: 118
Warning (10230): Verilog HDL assignment warning at my_key_seg1.v(139): truncated value with size 32 to match size of target (1) File: G:/software/FPGA/workplace/week8/task1_2/my_key_seg1.v Line: 139
Warning (10199): Verilog HDL Case Statement warning at my_key_seg1.v(209): case item expression never matches the case expression File: G:/software/FPGA/workplace/week8/task1_2/my_key_seg1.v Line: 209
Warning (10199): Verilog HDL Case Statement warning at my_key_seg1.v(214): case item expression never matches the case expression File: G:/software/FPGA/workplace/week8/task1_2/my_key_seg1.v Line: 214
Warning (10240): Verilog HDL Always Construct warning at my_key_seg1.v(189): inferring latch(es) for variable "sel_flag", which holds its previous value in one or more paths through the always construct File: G:/software/FPGA/workplace/week8/task1_2/my_key_seg1.v Line: 189
Info (10041): Inferred latch for "sel_flag" at my_key_seg1.v(198) File: G:/software/FPGA/workplace/week8/task1_2/my_key_seg1.v Line: 198
Info (13000): Registers with preset signals will power-up high File: G:/software/FPGA/workplace/week8/task1_2/button_detection.v Line: 33
Info (13003): DEV_CLRn pin will set, and not reset, register with preset signal due to NOT Gate Push-Back
Warning (13024): Output pins are stuck at VCC or GND
    Warning (13410): Pin "seg[7]" is stuck at VCC File: G:/software/FPGA/workplace/week8/task1_2/task1_2_top.v Line: 14
Info (286030): Timing-Driven Synthesis is running
Info (17049): 13 registers lost all their fanouts during netlist optimizations.
Info (16010): Generating hard_block partition "hard_block:auto_generated_inst"
    Info (16011): Adding 0 node(s), including 0 DDIO, 0 PLL, 0 transceiver and 0 LCELL
Info (21057): Implemented 262 device resources after synthesis - the final resource count might be different
    Info (21058): Implemented 6 input pins
    Info (21059): Implemented 22 output pins
    Info (21061): Implemented 234 logic cells
Info: Quartus Prime Analysis & Synthesis was successful. 0 errors, 13 warnings
    Info: Peak virtual memory: 4829 megabytes
    Info: Processing ended: Fri Nov 17 12:20:15 2023
    Info: Elapsed time: 00:00:07
    Info: Total CPU time (on all processors): 00:00:08


