#! /c/Source/iverilog-install/bin/vvp
:ivl_version "12.0 (devel)" "(s20150603-1539-g2693dd32b)";
:ivl_delay_selection "TYPICAL";
:vpi_time_precision - 12;
:vpi_module "G:\software\FPGA\iverilog\lib\ivl\system.vpi";
:vpi_module "G:\software\FPGA\iverilog\lib\ivl\vhdl_sys.vpi";
:vpi_module "G:\software\FPGA\iverilog\lib\ivl\vhdl_textio.vpi";
:vpi_module "G:\software\FPGA\iverilog\lib\ivl\v2005_math.vpi";
:vpi_module "G:\software\FPGA\iverilog\lib\ivl\va_math.vpi";
S_00000218df03b730 .scope module, "tb_task2_2" "tb_task2_2" 2 4;
 .timescale -9 -12;
P_00000218df03c2b0 .param/l "PERIOD" 0 2 7, +C4<00000000000000000000000000001010>;
v00000218df043650_0 .var "button_io", 0 0;
v00000218df0438d0_0 .var "clk", 0 0;
v00000218df0433d0_0 .net "digit", 3 0, v00000218df012ea0_0;  1 drivers
v00000218df044050_0 .var "reset", 0 0;
v00000218df043470_0 .net "segment", 7 0, v00000218df043d30_0;  1 drivers
S_00000218deffcb00 .scope module, "u_task2_2" "task2_2" 2 18, 3 3 0, S_00000218df03b730;
 .timescale -9 -12;
    .port_info 0 /INPUT 1 "clk";
    .port_info 1 /INPUT 1 "reset";
    .port_info 2 /INPUT 1 "button_io";
    .port_info 3 /OUTPUT 4 "digit";
    .port_info 4 /OUTPUT 8 "segment";
P_00000218df03cc30 .param/l "SIMULATION_PARAMETER" 1 3 10, C4<00000000000000011000011010100000>;
L_00000218df0368f0 .functor NOT 1, v00000218df043fb0_0, C4<0>, C4<0>, C4<0>;
L_00000218df035f50 .functor AND 1, L_00000218df0368f0, v00000218df043b50_0, C4<1>, C4<1>;
L_00000218df036490 .functor AND 1, v00000218df043fb0_0, v00000218df043b50_0, C4<1>, C4<1>;
v00000218df0133c0_0 .net *"_ivl_0", 0 0, L_00000218df0368f0;  1 drivers
v00000218df039c90_0 .net "button_io", 0 0, v00000218df043650_0;  1 drivers
v00000218df039d30_0 .net "button_negedge", 0 0, L_00000218df035f50;  1 drivers
v00000218df03b8c0_0 .net "button_posedge", 0 0, L_00000218df036490;  1 drivers
v00000218df03b960_0 .net "clk", 0 0, v00000218df0438d0_0;  1 drivers
v00000218deffcc90_0 .var "cnt", 31 0;
v00000218deffcd30_0 .var "data", 15 0;
v00000218df012d60_0 .var "data_temp", 3 0;
v00000218df012e00_0 .var "delay_flag", 0 0;
v00000218df012ea0_0 .var "digit", 3 0;
v00000218df012f40_0 .var "pulse1", 0 0;
v00000218df043fb0_0 .var "pulse2", 0 0;
v00000218df043b50_0 .var "pulse3", 0 0;
v00000218df043e70_0 .net "reset", 0 0, v00000218df044050_0;  1 drivers
v00000218df043d30_0 .var "segment", 7 0;
v00000218df043c90_0 .var "state", 1 0;
E_00000218df03cdb0 .event posedge, v00000218df043e70_0, v00000218df03b960_0;
    .scope S_00000218deffcb00;
T_0 ;
    %wait E_00000218df03cdb0;
    %load/vec4 v00000218df043e70_0;
    %flag_set/vec4 8;
    %jmp/0xz  T_0.0, 8;
    %pushi/vec4 0, 0, 1;
    %assign/vec4 v00000218df012f40_0, 0;
    %pushi/vec4 0, 0, 1;
    %assign/vec4 v00000218df043fb0_0, 0;
    %pushi/vec4 0, 0, 1;
    %assign/vec4 v00000218df043b50_0, 0;
    %jmp T_0.1;
T_0.0 ;
    %load/vec4 v00000218df039c90_0;
    %assign/vec4 v00000218df012f40_0, 0;
    %load/vec4 v00000218df012f40_0;
    %assign/vec4 v00000218df043fb0_0, 0;
    %load/vec4 v00000218df043fb0_0;
    %assign/vec4 v00000218df043b50_0, 0;
T_0.1 ;
    %jmp T_0;
    .thread T_0;
    .scope S_00000218deffcb00;
T_1 ;
    %wait E_00000218df03cdb0;
    %load/vec4 v00000218df043e70_0;
    %flag_set/vec4 8;
    %jmp/0xz  T_1.0, 8;
    %pushi/vec4 0, 0, 32;
    %assign/vec4 v00000218deffcc90_0, 0;
    %pushi/vec4 0, 0, 16;
    %assign/vec4 v00000218deffcd30_0, 0;
    %jmp T_1.1;
T_1.0 ;
    %load/vec4 v00000218df012e00_0;
    %flag_set/vec4 8;
    %jmp/0xz  T_1.2, 8;
    %load/vec4 v00000218deffcc90_0;
    %cmpi/e 24, 0, 32;
    %jmp/0xz  T_1.4, 4;
    %load/vec4 v00000218df039c90_0;
    %cmpi/e 1, 0, 1;
    %jmp/0xz  T_1.6, 4;
    %load/vec4 v00000218deffcd30_0;
    %addi 1, 0, 16;
    %assign/vec4 v00000218deffcd30_0, 0;
T_1.6 ;
    %pushi/vec4 0, 0, 32;
    %assign/vec4 v00000218deffcc90_0, 0;
    %jmp T_1.5;
T_1.4 ;
    %load/vec4 v00000218deffcc90_0;
    %addi 1, 0, 32;
    %assign/vec4 v00000218deffcc90_0, 0;
T_1.5 ;
T_1.2 ;
T_1.1 ;
    %jmp T_1;
    .thread T_1;
    .scope S_00000218deffcb00;
T_2 ;
    %wait E_00000218df03cdb0;
    %load/vec4 v00000218df043e70_0;
    %flag_set/vec4 8;
    %jmp/0xz  T_2.0, 8;
    %pushi/vec4 0, 0, 1;
    %assign/vec4 v00000218df012e00_0, 0;
    %jmp T_2.1;
T_2.0 ;
    %load/vec4 v00000218df03b8c0_0;
    %flag_set/vec4 8;
    %jmp/0xz  T_2.2, 8;
    %pushi/vec4 1, 0, 1;
    %assign/vec4 v00000218df012e00_0, 0;
    %jmp T_2.3;
T_2.2 ;
    %load/vec4 v00000218deffcc90_0;
    %cmpi/e 24, 0, 32;
    %jmp/0xz  T_2.4, 4;
    %pushi/vec4 0, 0, 1;
    %assign/vec4 v00000218df012e00_0, 0;
T_2.4 ;
T_2.3 ;
T_2.1 ;
    %jmp T_2;
    .thread T_2;
    .scope S_00000218deffcb00;
T_3 ;
    %wait E_00000218df03cdb0;
    %load/vec4 v00000218df043e70_0;
    %flag_set/vec4 8;
    %jmp/0xz  T_3.0, 8;
    %pushi/vec4 0, 0, 4;
    %assign/vec4 v00000218df012d60_0, 0;
    %pushi/vec4 15, 0, 4;
    %assign/vec4 v00000218df012ea0_0, 0;
    %pushi/vec4 0, 0, 2;
    %assign/vec4 v00000218df043c90_0, 0;
    %jmp T_3.1;
T_3.0 ;
    %load/vec4 v00000218df043c90_0;
    %dup/vec4;
    %pushi/vec4 0, 0, 2;
    %cmp/u;
    %jmp/1 T_3.2, 6;
    %dup/vec4;
    %pushi/vec4 1, 0, 2;
    %cmp/u;
    %jmp/1 T_3.3, 6;
    %dup/vec4;
    %pushi/vec4 2, 0, 2;
    %cmp/u;
    %jmp/1 T_3.4, 6;
    %dup/vec4;
    %pushi/vec4 3, 0, 2;
    %cmp/u;
    %jmp/1 T_3.5, 6;
    %pushi/vec4 0, 0, 4;
    %assign/vec4 v00000218df012d60_0, 0;
    %pushi/vec4 15, 0, 4;
    %assign/vec4 v00000218df012ea0_0, 0;
    %pushi/vec4 0, 0, 2;
    %assign/vec4 v00000218df043c90_0, 0;
    %jmp T_3.7;
T_3.2 ;
    %load/vec4 v00000218deffcd30_0;
    %parti/s 4, 0, 2;
    %assign/vec4 v00000218df012d60_0, 0;
    %pushi/vec4 14, 0, 4;
    %assign/vec4 v00000218df012ea0_0, 0;
    %pushi/vec4 1, 0, 2;
    %assign/vec4 v00000218df043c90_0, 0;
    %jmp T_3.7;
T_3.3 ;
    %load/vec4 v00000218deffcd30_0;
    %parti/s 4, 4, 4;
    %assign/vec4 v00000218df012d60_0, 0;
    %pushi/vec4 13, 0, 4;
    %assign/vec4 v00000218df012ea0_0, 0;
    %pushi/vec4 2, 0, 2;
    %assign/vec4 v00000218df043c90_0, 0;
    %jmp T_3.7;
T_3.4 ;
    %load/vec4 v00000218deffcd30_0;
    %parti/s 4, 8, 5;
    %assign/vec4 v00000218df012d60_0, 0;
    %pushi/vec4 11, 0, 4;
    %assign/vec4 v00000218df012ea0_0, 0;
    %pushi/vec4 3, 0, 2;
    %assign/vec4 v00000218df043c90_0, 0;
    %jmp T_3.7;
T_3.5 ;
    %load/vec4 v00000218deffcd30_0;
    %parti/s 4, 12, 5;
    %assign/vec4 v00000218df012d60_0, 0;
    %pushi/vec4 7, 0, 4;
    %assign/vec4 v00000218df012ea0_0, 0;
    %pushi/vec4 0, 0, 2;
    %assign/vec4 v00000218df043c90_0, 0;
    %jmp T_3.7;
T_3.7 ;
    %pop/vec4 1;
T_3.1 ;
    %jmp T_3;
    .thread T_3;
    .scope S_00000218deffcb00;
T_4 ;
    %wait E_00000218df03cdb0;
    %load/vec4 v00000218df043e70_0;
    %flag_set/vec4 8;
    %jmp/0xz  T_4.0, 8;
    %pushi/vec4 0, 0, 8;
    %store/vec4 v00000218df043d30_0, 0, 8;
    %jmp T_4.1;
T_4.0 ;
    %load/vec4 v00000218df012d60_0;
    %dup/vec4;
    %pushi/vec4 0, 0, 4;
    %cmp/u;
    %jmp/1 T_4.2, 6;
    %dup/vec4;
    %pushi/vec4 1, 0, 4;
    %cmp/u;
    %jmp/1 T_4.3, 6;
    %dup/vec4;
    %pushi/vec4 2, 0, 4;
    %cmp/u;
    %jmp/1 T_4.4, 6;
    %dup/vec4;
    %pushi/vec4 3, 0, 4;
    %cmp/u;
    %jmp/1 T_4.5, 6;
    %dup/vec4;
    %pushi/vec4 4, 0, 4;
    %cmp/u;
    %jmp/1 T_4.6, 6;
    %dup/vec4;
    %pushi/vec4 5, 0, 4;
    %cmp/u;
    %jmp/1 T_4.7, 6;
    %dup/vec4;
    %pushi/vec4 6, 0, 4;
    %cmp/u;
    %jmp/1 T_4.8, 6;
    %dup/vec4;
    %pushi/vec4 7, 0, 4;
    %cmp/u;
    %jmp/1 T_4.9, 6;
    %dup/vec4;
    %pushi/vec4 8, 0, 4;
    %cmp/u;
    %jmp/1 T_4.10, 6;
    %dup/vec4;
    %pushi/vec4 9, 0, 4;
    %cmp/u;
    %jmp/1 T_4.11, 6;
    %dup/vec4;
    %pushi/vec4 10, 0, 4;
    %cmp/u;
    %jmp/1 T_4.12, 6;
    %dup/vec4;
    %pushi/vec4 11, 0, 4;
    %cmp/u;
    %jmp/1 T_4.13, 6;
    %dup/vec4;
    %pushi/vec4 12, 0, 4;
    %cmp/u;
    %jmp/1 T_4.14, 6;
    %dup/vec4;
    %pushi/vec4 13, 0, 4;
    %cmp/u;
    %jmp/1 T_4.15, 6;
    %dup/vec4;
    %pushi/vec4 14, 0, 4;
    %cmp/u;
    %jmp/1 T_4.16, 6;
    %dup/vec4;
    %pushi/vec4 15, 0, 4;
    %cmp/u;
    %jmp/1 T_4.17, 6;
    %pushi/vec4 0, 0, 8;
    %store/vec4 v00000218df043d30_0, 0, 8;
    %jmp T_4.19;
T_4.2 ;
    %pushi/vec4 192, 0, 8;
    %store/vec4 v00000218df043d30_0, 0, 8;
    %jmp T_4.19;
T_4.3 ;
    %pushi/vec4 249, 0, 8;
    %store/vec4 v00000218df043d30_0, 0, 8;
    %jmp T_4.19;
T_4.4 ;
    %pushi/vec4 164, 0, 8;
    %store/vec4 v00000218df043d30_0, 0, 8;
    %jmp T_4.19;
T_4.5 ;
    %pushi/vec4 176, 0, 8;
    %store/vec4 v00000218df043d30_0, 0, 8;
    %jmp T_4.19;
T_4.6 ;
    %pushi/vec4 153, 0, 8;
    %store/vec4 v00000218df043d30_0, 0, 8;
    %jmp T_4.19;
T_4.7 ;
    %pushi/vec4 146, 0, 8;
    %store/vec4 v00000218df043d30_0, 0, 8;
    %jmp T_4.19;
T_4.8 ;
    %pushi/vec4 130, 0, 8;
    %store/vec4 v00000218df043d30_0, 0, 8;
    %jmp T_4.19;
T_4.9 ;
    %pushi/vec4 248, 0, 8;
    %store/vec4 v00000218df043d30_0, 0, 8;
    %jmp T_4.19;
T_4.10 ;
    %pushi/vec4 128, 0, 8;
    %store/vec4 v00000218df043d30_0, 0, 8;
    %jmp T_4.19;
T_4.11 ;
    %pushi/vec4 144, 0, 8;
    %store/vec4 v00000218df043d30_0, 0, 8;
    %jmp T_4.19;
T_4.12 ;
    %pushi/vec4 136, 0, 8;
    %store/vec4 v00000218df043d30_0, 0, 8;
    %jmp T_4.19;
T_4.13 ;
    %pushi/vec4 131, 0, 8;
    %store/vec4 v00000218df043d30_0, 0, 8;
    %jmp T_4.19;
T_4.14 ;
    %pushi/vec4 198, 0, 8;
    %store/vec4 v00000218df043d30_0, 0, 8;
    %jmp T_4.19;
T_4.15 ;
    %pushi/vec4 161, 0, 8;
    %store/vec4 v00000218df043d30_0, 0, 8;
    %jmp T_4.19;
T_4.16 ;
    %pushi/vec4 134, 0, 8;
    %store/vec4 v00000218df043d30_0, 0, 8;
    %jmp T_4.19;
T_4.17 ;
    %pushi/vec4 142, 0, 8;
    %store/vec4 v00000218df043d30_0, 0, 8;
    %jmp T_4.19;
T_4.19 ;
    %pop/vec4 1;
T_4.1 ;
    %jmp T_4;
    .thread T_4;
    .scope S_00000218df03b730;
T_5 ;
    %pushi/vec4 0, 0, 1;
    %store/vec4 v00000218df0438d0_0, 0, 1;
    %pushi/vec4 0, 0, 1;
    %store/vec4 v00000218df044050_0, 0, 1;
    %pushi/vec4 0, 0, 1;
    %store/vec4 v00000218df043650_0, 0, 1;
    %end;
    .thread T_5;
    .scope S_00000218df03b730;
T_6 ;
    %vpi_call 2 27 "$dumpfile", ".//wave//tb_task2_2.vcd" {0 0 0};
    %vpi_call 2 28 "$dumpvars", 32'sb00000000000000000000000000000000, S_00000218df03b730 {0 0 0};
    %pushi/vec4 0, 0, 1;
    %store/vec4 v00000218df0438d0_0, 0, 1;
    %pushi/vec4 0, 0, 1;
    %store/vec4 v00000218df044050_0, 0, 1;
    %pushi/vec4 0, 0, 1;
    %store/vec4 v00000218df043650_0, 0, 1;
    %pushi/vec4 1, 0, 1;
    %store/vec4 v00000218df044050_0, 0, 1;
    %delay 100000, 0;
    %vpi_call 2 37 "$finish" {0 0 0};
    %end;
    .thread T_6;
    .scope S_00000218df03b730;
T_7 ;
    %delay 100, 0;
    %load/vec4 v00000218df0438d0_0;
    %inv;
    %store/vec4 v00000218df0438d0_0, 0, 1;
    %jmp T_7;
    .thread T_7;
    .scope S_00000218df03b730;
T_8 ;
    %delay 1000, 0;
    %pushi/vec4 1, 0, 1;
    %store/vec4 v00000218df043650_0, 0, 1;
    %delay 10000, 0;
    %pushi/vec4 0, 0, 1;
    %store/vec4 v00000218df043650_0, 0, 1;
    %jmp T_8;
    .thread T_8;
# The file index is used to find the file name in the following table.
:file_names 4;
    "N/A";
    "<interactive>";
    "tb_task2_2.v";
    "./task2_2.v";
