#! /c/Source/iverilog-install/bin/vvp
:ivl_version "12.0 (devel)" "(s20150603-1539-g2693dd32b)";
:ivl_delay_selection "TYPICAL";
:vpi_time_precision - 12;
:vpi_module "G:\software\FPGA\iverilog\lib\ivl\system.vpi";
:vpi_module "G:\software\FPGA\iverilog\lib\ivl\vhdl_sys.vpi";
:vpi_module "G:\software\FPGA\iverilog\lib\ivl\vhdl_textio.vpi";
:vpi_module "G:\software\FPGA\iverilog\lib\ivl\v2005_math.vpi";
:vpi_module "G:\software\FPGA\iverilog\lib\ivl\va_math.vpi";
S_000001b813f5c870 .scope module, "tb_task1_2" "tb_task1_2" 2 3;
 .timescale -9 -12;
P_000001b813e470d0 .param/l "PERIOD" 0 2 6, +C4<00000000000000000000000000001010>;
v000001b813e52260_0 .var "clk", 0 0;
v000001b813e52300_0 .net "clk_div", 2 0, v000001b813e5bc50_0;  1 drivers
v000001b813e526c0_0 .net "led", 2 0, v000001b813e52760_0;  1 drivers
v000001b813e51f40_0 .var "reset", 0 0;
S_000001b813e5b8e0 .scope module, "u_task1_2" "task1_2" 2 16, 3 1 0, S_000001b813f5c870;
 .timescale -9 -12;
    .port_info 0 /INPUT 1 "clk";
    .port_info 1 /INPUT 1 "reset";
    .port_info 2 /OUTPUT 3 "led";
    .port_info 3 /OUTPUT 3 "clk_div";
v000001b813e5ba70_0 .net *"_ivl_13", 0 0, L_000001b813e52580;  1 drivers
v000001b813e23160_0 .net *"_ivl_5", 0 0, L_000001b813e52800;  1 drivers
v000001b813e5bb10_0 .net *"_ivl_9", 0 0, L_000001b813e52940;  1 drivers
v000001b813e5bbb0_0 .net "clk", 0 0, v000001b813e52260_0;  1 drivers
v000001b813e5bc50_0 .var "clk_div", 2 0;
v000001b813e519f0_0 .var "div_reg1", 31 0;
v000001b813e51a90_0 .var "div_reg2", 31 0;
v000001b813e51b30_0 .var "div_reg3", 31 0;
v000001b813e52760_0 .var "led", 2 0;
v000001b813e528a0_0 .net "reset", 0 0, v000001b813e51f40_0;  1 drivers
E_000001b813e472d0 .event posedge, L_000001b813e52580;
E_000001b813e47690 .event posedge, L_000001b813e52940;
E_000001b813e47990 .event posedge, L_000001b813e52800;
E_000001b813e47a90 .event posedge, v000001b813e528a0_0, v000001b813e5bbb0_0;
L_000001b813e52800 .part v000001b813e5bc50_0, 0, 1;
L_000001b813e52940 .part v000001b813e5bc50_0, 1, 1;
L_000001b813e52580 .part v000001b813e5bc50_0, 2, 1;
    .scope S_000001b813e5b8e0;
T_0 ;
    %wait E_000001b813e47a90;
    %load/vec4 v000001b813e528a0_0;
    %flag_set/vec4 8;
    %jmp/0xz  T_0.0, 8;
    %pushi/vec4 0, 0, 32;
    %assign/vec4 v000001b813e519f0_0, 0;
    %pushi/vec4 0, 0, 32;
    %assign/vec4 v000001b813e51a90_0, 0;
    %pushi/vec4 0, 0, 32;
    %assign/vec4 v000001b813e51b30_0, 0;
    %pushi/vec4 0, 0, 3;
    %assign/vec4 v000001b813e5bc50_0, 0;
    %pushi/vec4 0, 0, 3;
    %assign/vec4 v000001b813e52760_0, 0;
    %jmp T_0.1;
T_0.0 ;
    %load/vec4 v000001b813e519f0_0;
    %cmpi/u 500, 0, 32;
    %jmp/0xz  T_0.2, 5;
    %load/vec4 v000001b813e519f0_0;
    %addi 1, 0, 32;
    %assign/vec4 v000001b813e519f0_0, 0;
    %jmp T_0.3;
T_0.2 ;
    %pushi/vec4 0, 0, 32;
    %assign/vec4 v000001b813e519f0_0, 0;
    %load/vec4 v000001b813e5bc50_0;
    %parti/s 1, 0, 2;
    %inv;
    %ix/load 4, 0, 0;
    %ix/load 5, 0, 0;
    %flag_set/imm 4, 0;
    %assign/vec4/off/d v000001b813e5bc50_0, 4, 5;
T_0.3 ;
    %load/vec4 v000001b813e51a90_0;
    %cmpi/u 250, 0, 32;
    %jmp/0xz  T_0.4, 5;
    %load/vec4 v000001b813e51a90_0;
    %addi 1, 0, 32;
    %assign/vec4 v000001b813e51a90_0, 0;
    %jmp T_0.5;
T_0.4 ;
    %pushi/vec4 0, 0, 32;
    %assign/vec4 v000001b813e51a90_0, 0;
    %load/vec4 v000001b813e5bc50_0;
    %parti/s 1, 1, 2;
    %inv;
    %ix/load 4, 1, 0;
    %ix/load 5, 0, 0;
    %flag_set/imm 4, 0;
    %assign/vec4/off/d v000001b813e5bc50_0, 4, 5;
T_0.5 ;
    %load/vec4 v000001b813e51b30_0;
    %cmpi/u 2500, 0, 32;
    %jmp/0xz  T_0.6, 5;
    %load/vec4 v000001b813e51b30_0;
    %addi 1, 0, 32;
    %assign/vec4 v000001b813e51b30_0, 0;
    %jmp T_0.7;
T_0.6 ;
    %pushi/vec4 0, 0, 32;
    %assign/vec4 v000001b813e51b30_0, 0;
    %load/vec4 v000001b813e5bc50_0;
    %parti/s 1, 2, 3;
    %inv;
    %ix/load 4, 2, 0;
    %ix/load 5, 0, 0;
    %flag_set/imm 4, 0;
    %assign/vec4/off/d v000001b813e5bc50_0, 4, 5;
T_0.7 ;
T_0.1 ;
    %jmp T_0;
    .thread T_0;
    .scope S_000001b813e5b8e0;
T_1 ;
    %wait E_000001b813e47990;
    %load/vec4 v000001b813e52760_0;
    %parti/s 1, 0, 2;
    %inv;
    %ix/load 4, 0, 0;
    %ix/load 5, 0, 0;
    %flag_set/imm 4, 0;
    %assign/vec4/off/d v000001b813e52760_0, 4, 5;
    %jmp T_1;
    .thread T_1;
    .scope S_000001b813e5b8e0;
T_2 ;
    %wait E_000001b813e47690;
    %load/vec4 v000001b813e52760_0;
    %parti/s 1, 1, 2;
    %inv;
    %ix/load 4, 1, 0;
    %ix/load 5, 0, 0;
    %flag_set/imm 4, 0;
    %assign/vec4/off/d v000001b813e52760_0, 4, 5;
    %jmp T_2;
    .thread T_2;
    .scope S_000001b813e5b8e0;
T_3 ;
    %wait E_000001b813e472d0;
    %load/vec4 v000001b813e52760_0;
    %parti/s 1, 2, 3;
    %inv;
    %ix/load 4, 2, 0;
    %ix/load 5, 0, 0;
    %flag_set/imm 4, 0;
    %assign/vec4/off/d v000001b813e52760_0, 4, 5;
    %jmp T_3;
    .thread T_3;
    .scope S_000001b813f5c870;
T_4 ;
    %pushi/vec4 0, 0, 1;
    %store/vec4 v000001b813e52260_0, 0, 1;
    %pushi/vec4 0, 0, 1;
    %store/vec4 v000001b813e51f40_0, 0, 1;
    %end;
    .thread T_4;
    .scope S_000001b813f5c870;
T_5 ;
    %vpi_call 2 24 "$dumpfile", "./wave/tb_task1_2.vcd" {0 0 0};
    %vpi_call 2 25 "$dumpvars", 32'sb00000000000000000000000000000000, S_000001b813f5c870 {0 0 0};
    %pushi/vec4 0, 0, 1;
    %store/vec4 v000001b813e52260_0, 0, 1;
    %pushi/vec4 1, 0, 1;
    %store/vec4 v000001b813e51f40_0, 0, 1;
    %delay 10000, 0;
    %pushi/vec4 0, 0, 1;
    %store/vec4 v000001b813e51f40_0, 0, 1;
    %end;
    .thread T_5;
    .scope S_000001b813f5c870;
T_6 ;
    %delay 10, 0;
    %load/vec4 v000001b813e52260_0;
    %inv;
    %store/vec4 v000001b813e52260_0, 0, 1;
    %vpi_func 2 35 "$time" 64 {0 0 0};
    %cmpi/u 1000, 0, 64;
    %flag_or 5, 4; GT is !LE
    %flag_inv 5;
    %jmp/0xz  T_6.0, 5;
    %vpi_call 2 35 "$finish" {0 0 0};
T_6.0 ;
    %jmp T_6;
    .thread T_6;
# The file index is used to find the file name in the following table.
:file_names 4;
    "N/A";
    "<interactive>";
    "tb_task1_2.v";
    "./task1_2.v";
