#! /c/Source/iverilog-install/bin/vvp
:ivl_version "12.0 (devel)" "(s20150603-1539-g2693dd32b)";
:ivl_delay_selection "TYPICAL";
:vpi_time_precision - 12;
:vpi_module "G:\software\FPGA\iverilog\lib\ivl\system.vpi";
:vpi_module "G:\software\FPGA\iverilog\lib\ivl\vhdl_sys.vpi";
:vpi_module "G:\software\FPGA\iverilog\lib\ivl\vhdl_textio.vpi";
:vpi_module "G:\software\FPGA\iverilog\lib\ivl\v2005_math.vpi";
:vpi_module "G:\software\FPGA\iverilog\lib\ivl\va_math.vpi";
S_0000021d777a4130 .scope module, "tb_task1_3" "tb_task1_3" 2 4;
 .timescale -9 -12;
P_0000021d777a28b0 .param/l "PERIOD" 0 2 7, +C4<00000000000000000000000000001010>;
v0000021d778229a0_0 .var "button_io1", 0 0;
v0000021d77823300_0 .var "button_io2", 0 0;
v0000021d77823440_0 .var "button_io3", 0 0;
v0000021d77822f40_0 .var "clk", 0 0;
v0000021d77821f00_0 .net "clk_div", 0 0, v0000021d7779ae20_0;  1 drivers
v0000021d77822540_0 .net "led_io", 7 0, v0000021d77822c20_0;  1 drivers
v0000021d77823580_0 .var "reset", 0 0;
S_0000021d777bfce0 .scope module, "u_task1_3" "task1_3" 2 21, 3 2 0, S_0000021d777a4130;
 .timescale -9 -12;
    .port_info 0 /INPUT 1 "clk";
    .port_info 1 /INPUT 1 "reset";
    .port_info 2 /INPUT 1 "button_io1";
    .port_info 3 /INPUT 1 "button_io2";
    .port_info 4 /INPUT 1 "button_io3";
    .port_info 5 /OUTPUT 1 "clk_div";
    .port_info 6 /OUTPUT 8 "led_io";
L_0000021d7779f170 .functor NOT 1, v0000021d77822ea0_0, C4<0>, C4<0>, C4<0>;
L_0000021d7779f1e0 .functor AND 1, L_0000021d7779f170, v0000021d77822ae0_0, C4<1>, C4<1>;
L_0000021d7779f250 .functor NOT 1, v0000021d77822ae0_0, C4<0>, C4<0>, C4<0>;
L_0000021d7779f2c0 .functor AND 1, v0000021d77822ea0_0, L_0000021d7779f250, C4<1>, C4<1>;
L_0000021d7779e920 .functor NOT 1, v0000021d77821e60_0, C4<0>, C4<0>, C4<0>;
L_0000021d7779f330 .functor AND 1, L_0000021d7779e920, v0000021d778234e0_0, C4<1>, C4<1>;
L_0000021d7779ec30 .functor NOT 1, v0000021d778234e0_0, C4<0>, C4<0>, C4<0>;
L_0000021d7779eb50 .functor AND 1, v0000021d77821e60_0, L_0000021d7779ec30, C4<1>, C4<1>;
L_0000021d7779f790 .functor NOT 1, v0000021d77822900_0, C4<0>, C4<0>, C4<0>;
L_0000021d7779f410 .functor AND 1, L_0000021d7779f790, v0000021d77822cc0_0, C4<1>, C4<1>;
L_0000021d7779f480 .functor NOT 1, v0000021d77822cc0_0, C4<0>, C4<0>, C4<0>;
L_0000021d7779ed80 .functor AND 1, v0000021d77822900_0, L_0000021d7779f480, C4<1>, C4<1>;
v0000021d7779b780_0 .net *"_ivl_0", 0 0, L_0000021d7779f170;  1 drivers
v0000021d7779b0a0_0 .net *"_ivl_12", 0 0, L_0000021d7779ec30;  1 drivers
v0000021d7779ab00_0 .net *"_ivl_16", 0 0, L_0000021d7779f790;  1 drivers
v0000021d7779b000_0 .net *"_ivl_20", 0 0, L_0000021d7779f480;  1 drivers
v0000021d7779aba0_0 .net *"_ivl_4", 0 0, L_0000021d7779f250;  1 drivers
v0000021d7779ac40_0 .net *"_ivl_8", 0 0, L_0000021d7779e920;  1 drivers
v0000021d7779aec0_0 .net "button1_negedge", 0 0, L_0000021d7779f1e0;  1 drivers
v0000021d7779b280_0 .net "button1_posedge", 0 0, L_0000021d7779f2c0;  1 drivers
v0000021d7779b460_0 .var "button1_state", 0 0;
v0000021d7779b1e0_0 .net "button2_negedge", 0 0, L_0000021d7779f330;  1 drivers
v0000021d7779b140_0 .net "button2_posedge", 0 0, L_0000021d7779eb50;  1 drivers
v0000021d7779a880_0 .var "button2_state", 0 0;
v0000021d7779b320_0 .net "button3_negedge", 0 0, L_0000021d7779f410;  1 drivers
v0000021d7779b500_0 .net "button3_posedge", 0 0, L_0000021d7779ed80;  1 drivers
v0000021d7779ace0_0 .var "button3_state", 0 0;
v0000021d7779a920_0 .net "button_io1", 0 0, v0000021d778229a0_0;  1 drivers
v0000021d7779b6e0_0 .net "button_io2", 0 0, v0000021d77823300_0;  1 drivers
v0000021d7779ad80_0 .net "button_io3", 0 0, v0000021d77823440_0;  1 drivers
v0000021d7779a9c0_0 .net "clk", 0 0, v0000021d77822f40_0;  1 drivers
v0000021d7779ae20_0 .var "clk_div", 0 0;
v0000021d7779b3c0_0 .var "cnt", 31 0;
v0000021d77822040_0 .var "delay_flag", 0 0;
v0000021d77821b40_0 .var "div_reg", 31 0;
v0000021d778233a0_0 .var "led_cnt", 0 0;
v0000021d77822c20_0 .var "led_io", 7 0;
v0000021d778222c0_0 .var "led_state1_flag", 0 0;
v0000021d77822d60_0 .var "led_state2_flag", 0 0;
v0000021d778227c0_0 .var "led_state3_flag", 0 0;
v0000021d778225e0_0 .var "pulse1_1", 0 0;
v0000021d77822ea0_0 .var "pulse1_2", 0 0;
v0000021d77822ae0_0 .var "pulse1_3", 0 0;
v0000021d77822860_0 .var "pulse2_1", 0 0;
v0000021d77821e60_0 .var "pulse2_2", 0 0;
v0000021d778234e0_0 .var "pulse2_3", 0 0;
v0000021d77822220_0 .var "pulse3_1", 0 0;
v0000021d77822900_0 .var "pulse3_2", 0 0;
v0000021d77822cc0_0 .var "pulse3_3", 0 0;
v0000021d77821be0_0 .net "reset", 0 0, v0000021d77823580_0;  1 drivers
v0000021d77823120_0 .var "stop_flag", 0 0;
E_0000021d777a3270 .event posedge, v0000021d77821be0_0, v0000021d7779ae20_0;
E_0000021d777a2930 .event posedge, v0000021d77821be0_0, v0000021d7779a9c0_0;
    .scope S_0000021d777bfce0;
T_0 ;
    %wait E_0000021d777a2930;
    %load/vec4 v0000021d77821be0_0;
    %flag_set/vec4 8;
    %jmp/0xz  T_0.0, 8;
    %pushi/vec4 0, 0, 1;
    %assign/vec4 v0000021d778225e0_0, 0;
    %pushi/vec4 0, 0, 1;
    %assign/vec4 v0000021d77822ea0_0, 0;
    %pushi/vec4 0, 0, 1;
    %assign/vec4 v0000021d77822ae0_0, 0;
    %jmp T_0.1;
T_0.0 ;
    %load/vec4 v0000021d7779a920_0;
    %assign/vec4 v0000021d778225e0_0, 0;
    %load/vec4 v0000021d778225e0_0;
    %assign/vec4 v0000021d77822ea0_0, 0;
    %load/vec4 v0000021d77822ea0_0;
    %assign/vec4 v0000021d77822ae0_0, 0;
T_0.1 ;
    %jmp T_0;
    .thread T_0;
    .scope S_0000021d777bfce0;
T_1 ;
    %wait E_0000021d777a2930;
    %load/vec4 v0000021d77821be0_0;
    %flag_set/vec4 8;
    %jmp/0xz  T_1.0, 8;
    %pushi/vec4 0, 0, 1;
    %assign/vec4 v0000021d77822860_0, 0;
    %pushi/vec4 0, 0, 1;
    %assign/vec4 v0000021d77821e60_0, 0;
    %pushi/vec4 0, 0, 1;
    %assign/vec4 v0000021d778234e0_0, 0;
    %jmp T_1.1;
T_1.0 ;
    %load/vec4 v0000021d7779b6e0_0;
    %assign/vec4 v0000021d77822860_0, 0;
    %load/vec4 v0000021d77822860_0;
    %assign/vec4 v0000021d77821e60_0, 0;
    %load/vec4 v0000021d77821e60_0;
    %assign/vec4 v0000021d778234e0_0, 0;
T_1.1 ;
    %jmp T_1;
    .thread T_1;
    .scope S_0000021d777bfce0;
T_2 ;
    %wait E_0000021d777a2930;
    %load/vec4 v0000021d77821be0_0;
    %flag_set/vec4 8;
    %jmp/0xz  T_2.0, 8;
    %pushi/vec4 0, 0, 1;
    %assign/vec4 v0000021d77822220_0, 0;
    %pushi/vec4 0, 0, 1;
    %assign/vec4 v0000021d77822900_0, 0;
    %pushi/vec4 0, 0, 1;
    %assign/vec4 v0000021d77822cc0_0, 0;
    %jmp T_2.1;
T_2.0 ;
    %load/vec4 v0000021d7779ad80_0;
    %assign/vec4 v0000021d77822220_0, 0;
    %load/vec4 v0000021d77822220_0;
    %assign/vec4 v0000021d77822900_0, 0;
    %load/vec4 v0000021d77822900_0;
    %assign/vec4 v0000021d77822cc0_0, 0;
T_2.1 ;
    %jmp T_2;
    .thread T_2;
    .scope S_0000021d777bfce0;
T_3 ;
    %wait E_0000021d777a2930;
    %load/vec4 v0000021d77821be0_0;
    %flag_set/vec4 8;
    %jmp/0xz  T_3.0, 8;
    %pushi/vec4 0, 0, 32;
    %assign/vec4 v0000021d77821b40_0, 0;
    %pushi/vec4 0, 0, 1;
    %assign/vec4 v0000021d7779ae20_0, 0;
    %jmp T_3.1;
T_3.0 ;
    %load/vec4 v0000021d77821b40_0;
    %cmpi/u 12500000, 0, 32;
    %jmp/0xz  T_3.2, 5;
    %load/vec4 v0000021d77821b40_0;
    %addi 1, 0, 32;
    %assign/vec4 v0000021d77821b40_0, 0;
    %jmp T_3.3;
T_3.2 ;
    %pushi/vec4 0, 0, 32;
    %assign/vec4 v0000021d77821b40_0, 0;
    %load/vec4 v0000021d7779ae20_0;
    %inv;
    %assign/vec4 v0000021d7779ae20_0, 0;
T_3.3 ;
T_3.1 ;
    %jmp T_3;
    .thread T_3;
    .scope S_0000021d777bfce0;
T_4 ;
    %wait E_0000021d777a2930;
    %load/vec4 v0000021d77821be0_0;
    %flag_set/vec4 8;
    %jmp/0xz  T_4.0, 8;
    %pushi/vec4 0, 0, 32;
    %assign/vec4 v0000021d7779b3c0_0, 0;
    %jmp T_4.1;
T_4.0 ;
    %load/vec4 v0000021d77822040_0;
    %flag_set/vec4 8;
    %jmp/0xz  T_4.2, 8;
    %load/vec4 v0000021d7779b3c0_0;
    %cmpi/e 24, 0, 32;
    %jmp/0xz  T_4.4, 4;
    %pushi/vec4 0, 0, 32;
    %assign/vec4 v0000021d7779b3c0_0, 0;
    %jmp T_4.5;
T_4.4 ;
    %load/vec4 v0000021d7779b3c0_0;
    %addi 1, 0, 32;
    %assign/vec4 v0000021d7779b3c0_0, 0;
T_4.5 ;
T_4.2 ;
T_4.1 ;
    %jmp T_4;
    .thread T_4;
    .scope S_0000021d777bfce0;
T_5 ;
    %wait E_0000021d777a2930;
    %load/vec4 v0000021d77821be0_0;
    %flag_set/vec4 8;
    %jmp/0xz  T_5.0, 8;
    %pushi/vec4 0, 0, 1;
    %assign/vec4 v0000021d77822040_0, 0;
    %jmp T_5.1;
T_5.0 ;
    %load/vec4 v0000021d7779b280_0;
    %flag_set/vec4 8;
    %jmp/1 T_5.5, 8;
    %load/vec4 v0000021d7779b140_0;
    %flag_set/vec4 9;
    %flag_or 8, 9;
T_5.5;
    %jmp/1 T_5.4, 8;
    %load/vec4 v0000021d7779b500_0;
    %flag_set/vec4 9;
    %flag_or 8, 9;
T_5.4;
    %jmp/0xz  T_5.2, 8;
    %pushi/vec4 1, 0, 1;
    %assign/vec4 v0000021d77822040_0, 0;
    %jmp T_5.3;
T_5.2 ;
    %load/vec4 v0000021d7779b3c0_0;
    %cmpi/e 24, 0, 32;
    %jmp/0xz  T_5.6, 4;
    %pushi/vec4 0, 0, 1;
    %assign/vec4 v0000021d77822040_0, 0;
T_5.6 ;
T_5.3 ;
T_5.1 ;
    %jmp T_5;
    .thread T_5;
    .scope S_0000021d777bfce0;
T_6 ;
    %wait E_0000021d777a2930;
    %load/vec4 v0000021d77821be0_0;
    %flag_set/vec4 8;
    %jmp/0xz  T_6.0, 8;
    %pushi/vec4 0, 0, 1;
    %assign/vec4 v0000021d7779b460_0, 0;
    %pushi/vec4 0, 0, 1;
    %assign/vec4 v0000021d7779a880_0, 0;
    %pushi/vec4 0, 0, 1;
    %assign/vec4 v0000021d7779ace0_0, 0;
    %jmp T_6.1;
T_6.0 ;
    %load/vec4 v0000021d7779b3c0_0;
    %cmpi/e 24, 0, 32;
    %jmp/0xz  T_6.2, 4;
    %load/vec4 v0000021d7779a920_0;
    %assign/vec4 v0000021d7779b460_0, 0;
    %load/vec4 v0000021d7779b6e0_0;
    %assign/vec4 v0000021d7779a880_0, 0;
    %load/vec4 v0000021d7779ad80_0;
    %assign/vec4 v0000021d7779ace0_0, 0;
    %jmp T_6.3;
T_6.2 ;
    %pushi/vec4 0, 0, 1;
    %assign/vec4 v0000021d7779b460_0, 0;
    %pushi/vec4 0, 0, 1;
    %assign/vec4 v0000021d7779a880_0, 0;
    %pushi/vec4 0, 0, 1;
    %assign/vec4 v0000021d7779ace0_0, 0;
T_6.3 ;
T_6.1 ;
    %jmp T_6;
    .thread T_6;
    .scope S_0000021d777bfce0;
T_7 ;
    %wait E_0000021d777a2930;
    %load/vec4 v0000021d77821be0_0;
    %flag_set/vec4 8;
    %jmp/0xz  T_7.0, 8;
    %pushi/vec4 0, 0, 1;
    %assign/vec4 v0000021d778222c0_0, 0;
    %pushi/vec4 0, 0, 1;
    %assign/vec4 v0000021d77822d60_0, 0;
    %pushi/vec4 0, 0, 1;
    %assign/vec4 v0000021d778227c0_0, 0;
    %jmp T_7.1;
T_7.0 ;
    %load/vec4 v0000021d7779b460_0;
    %flag_set/vec4 8;
    %jmp/0xz  T_7.2, 8;
    %pushi/vec4 1, 0, 1;
    %assign/vec4 v0000021d778222c0_0, 0;
    %pushi/vec4 0, 0, 1;
    %assign/vec4 v0000021d77822d60_0, 0;
    %pushi/vec4 0, 0, 1;
    %assign/vec4 v0000021d778227c0_0, 0;
    %jmp T_7.3;
T_7.2 ;
    %load/vec4 v0000021d7779a880_0;
    %flag_set/vec4 8;
    %jmp/0xz  T_7.4, 8;
    %pushi/vec4 0, 0, 1;
    %assign/vec4 v0000021d778222c0_0, 0;
    %pushi/vec4 1, 0, 1;
    %assign/vec4 v0000021d77822d60_0, 0;
    %pushi/vec4 0, 0, 1;
    %assign/vec4 v0000021d778227c0_0, 0;
    %jmp T_7.5;
T_7.4 ;
    %load/vec4 v0000021d77823120_0;
    %flag_set/vec4 8;
    %jmp/0xz  T_7.6, 8;
    %pushi/vec4 0, 0, 1;
    %assign/vec4 v0000021d778222c0_0, 0;
    %pushi/vec4 0, 0, 1;
    %assign/vec4 v0000021d77822d60_0, 0;
    %pushi/vec4 0, 0, 1;
    %assign/vec4 v0000021d778227c0_0, 0;
    %jmp T_7.7;
T_7.6 ;
    %load/vec4 v0000021d7779ace0_0;
    %flag_set/vec4 8;
    %jmp/0xz  T_7.8, 8;
    %pushi/vec4 0, 0, 1;
    %assign/vec4 v0000021d778222c0_0, 0;
    %pushi/vec4 0, 0, 1;
    %assign/vec4 v0000021d77822d60_0, 0;
    %pushi/vec4 1, 0, 1;
    %assign/vec4 v0000021d778227c0_0, 0;
T_7.8 ;
T_7.7 ;
T_7.5 ;
T_7.3 ;
T_7.1 ;
    %jmp T_7;
    .thread T_7;
    .scope S_0000021d777bfce0;
T_8 ;
    %wait E_0000021d777a3270;
    %load/vec4 v0000021d77821be0_0;
    %flag_set/vec4 8;
    %jmp/0xz  T_8.0, 8;
    %pushi/vec4 0, 0, 8;
    %assign/vec4 v0000021d77822c20_0, 0;
    %pushi/vec4 0, 0, 1;
    %assign/vec4 v0000021d778233a0_0, 0;
    %pushi/vec4 0, 0, 1;
    %assign/vec4 v0000021d77823120_0, 0;
    %jmp T_8.1;
T_8.0 ;
    %load/vec4 v0000021d778222c0_0;
    %flag_set/vec4 8;
    %jmp/0xz  T_8.2, 8;
    %load/vec4 v0000021d77822c20_0;
    %cmpi/e 128, 0, 8;
    %jmp/1 T_8.6, 4;
    %flag_mov 8, 4;
    %load/vec4 v0000021d77822c20_0;
    %cmpi/e 0, 0, 8;
    %flag_or 4, 8;
T_8.6;
    %jmp/0xz  T_8.4, 4;
    %pushi/vec4 1, 0, 8;
    %assign/vec4 v0000021d77822c20_0, 0;
    %jmp T_8.5;
T_8.4 ;
    %load/vec4 v0000021d77822c20_0;
    %ix/load 4, 1, 0;
    %flag_set/imm 4, 0;
    %shiftl 4;
    %assign/vec4 v0000021d77822c20_0, 0;
T_8.5 ;
    %jmp T_8.3;
T_8.2 ;
    %load/vec4 v0000021d77822d60_0;
    %flag_set/vec4 8;
    %jmp/0xz  T_8.7, 8;
    %load/vec4 v0000021d77822c20_0;
    %cmpi/e 1, 0, 8;
    %jmp/1 T_8.11, 4;
    %flag_mov 8, 4;
    %load/vec4 v0000021d77822c20_0;
    %cmpi/e 0, 0, 8;
    %flag_or 4, 8;
T_8.11;
    %jmp/0xz  T_8.9, 4;
    %pushi/vec4 128, 0, 8;
    %assign/vec4 v0000021d77822c20_0, 0;
    %jmp T_8.10;
T_8.9 ;
    %load/vec4 v0000021d77822c20_0;
    %ix/load 4, 1, 0;
    %flag_set/imm 4, 0;
    %shiftr 4;
    %assign/vec4 v0000021d77822c20_0, 0;
T_8.10 ;
    %jmp T_8.8;
T_8.7 ;
    %load/vec4 v0000021d778227c0_0;
    %flag_set/vec4 8;
    %jmp/0xz  T_8.12, 8;
    %load/vec4 v0000021d77822c20_0;
    %cmpi/ne 0, 0, 8;
    %jmp/0xz  T_8.14, 4;
    %pushi/vec4 0, 0, 8;
    %assign/vec4 v0000021d77822c20_0, 0;
    %jmp T_8.15;
T_8.14 ;
    %pushi/vec4 255, 0, 8;
    %assign/vec4 v0000021d77822c20_0, 0;
    %load/vec4 v0000021d778233a0_0;
    %pad/u 2;
    %addi 1, 0, 2;
    %pad/u 1;
    %assign/vec4 v0000021d778233a0_0, 0;
T_8.15 ;
T_8.12 ;
T_8.8 ;
T_8.3 ;
T_8.1 ;
    %load/vec4 v0000021d778233a0_0;
    %pad/u 8;
    %cmpi/e 2, 0, 8;
    %jmp/0xz  T_8.16, 4;
    %pushi/vec4 1, 0, 1;
    %assign/vec4 v0000021d77823120_0, 0;
    %jmp T_8.17;
T_8.16 ;
    %load/vec4 v0000021d778233a0_0;
    %pad/u 8;
    %cmpi/e 3, 0, 8;
    %jmp/0xz  T_8.18, 4;
    %pushi/vec4 0, 0, 1;
    %assign/vec4 v0000021d778233a0_0, 0;
    %jmp T_8.19;
T_8.18 ;
    %pushi/vec4 0, 0, 1;
    %assign/vec4 v0000021d77823120_0, 0;
T_8.19 ;
T_8.17 ;
    %jmp T_8;
    .thread T_8;
    .scope S_0000021d777a4130;
T_9 ;
    %pushi/vec4 0, 0, 1;
    %store/vec4 v0000021d77822f40_0, 0, 1;
    %pushi/vec4 0, 0, 1;
    %store/vec4 v0000021d77823580_0, 0, 1;
    %pushi/vec4 0, 0, 1;
    %store/vec4 v0000021d778229a0_0, 0, 1;
    %pushi/vec4 0, 0, 1;
    %store/vec4 v0000021d77823300_0, 0, 1;
    %pushi/vec4 0, 0, 1;
    %store/vec4 v0000021d77823440_0, 0, 1;
    %end;
    .thread T_9;
    .scope S_0000021d777a4130;
T_10 ;
    %vpi_call 2 32 "$dumpfile", "./wave/tb_task1_3.vcd" {0 0 0};
    %vpi_call 2 33 "$dumpvars", 32'sb00000000000000000000000000000000, S_0000021d777a4130 {0 0 0};
    %pushi/vec4 0, 0, 1;
    %store/vec4 v0000021d77822f40_0, 0, 1;
    %pushi/vec4 1, 0, 1;
    %store/vec4 v0000021d77823580_0, 0, 1;
    %delay 10000, 0;
    %pushi/vec4 0, 0, 1;
    %store/vec4 v0000021d77823580_0, 0, 1;
    %delay 10000000, 0;
    %vpi_call 2 39 "$finish" {0 0 0};
    %end;
    .thread T_10;
    .scope S_0000021d777a4130;
T_11 ;
    %delay 100, 0;
    %load/vec4 v0000021d77822f40_0;
    %inv;
    %store/vec4 v0000021d77822f40_0, 0, 1;
    %jmp T_11;
    .thread T_11;
    .scope S_0000021d777a4130;
T_12 ;
    %pushi/vec4 1, 0, 1;
    %store/vec4 v0000021d778229a0_0, 0, 1;
    %delay 10000, 0;
    %pushi/vec4 0, 0, 1;
    %store/vec4 v0000021d778229a0_0, 0, 1;
    %delay 1000, 0;
    %pushi/vec4 0, 0, 1;
    %store/vec4 v0000021d778229a0_0, 0, 1;
    %pushi/vec4 1, 0, 1;
    %store/vec4 v0000021d77823300_0, 0, 1;
    %delay 10000, 0;
    %pushi/vec4 0, 0, 1;
    %store/vec4 v0000021d77823300_0, 0, 1;
    %delay 1000, 0;
    %pushi/vec4 0, 0, 1;
    %store/vec4 v0000021d77823300_0, 0, 1;
    %pushi/vec4 1, 0, 1;
    %store/vec4 v0000021d77823440_0, 0, 1;
    %delay 10000, 0;
    %pushi/vec4 0, 0, 1;
    %store/vec4 v0000021d77823440_0, 0, 1;
    %delay 1000, 0;
    %pushi/vec4 0, 0, 1;
    %store/vec4 v0000021d77823440_0, 0, 1;
    %jmp T_12;
    .thread T_12;
# The file index is used to find the file name in the following table.
:file_names 4;
    "N/A";
    "<interactive>";
    "tb_task1_3.v";
    "./task1_3.v";
