#! /c/Source/iverilog-install/bin/vvp
:ivl_version "12.0 (devel)" "(s20150603-1539-g2693dd32b)";
:ivl_delay_selection "TYPICAL";
:vpi_time_precision - 12;
:vpi_module "G:\software\FPGA\iverilog\lib\ivl\system.vpi";
:vpi_module "G:\software\FPGA\iverilog\lib\ivl\vhdl_sys.vpi";
:vpi_module "G:\software\FPGA\iverilog\lib\ivl\vhdl_textio.vpi";
:vpi_module "G:\software\FPGA\iverilog\lib\ivl\v2005_math.vpi";
:vpi_module "G:\software\FPGA\iverilog\lib\ivl\va_math.vpi";
S_000001497065ca80 .scope module, "tb_task2_4" "tb_task2_4" 2 5;
 .timescale -9 -12;
P_000001497055e150 .param/l "PERIOD" 0 2 8, +C4<00000000000000000000000000001010>;
v00000149705d9c70_0 .net "buzz", 0 0, v00000149705333e0_0;  1 drivers
v00000149705d98b0_0 .var "clk", 0 0;
v00000149705d9090_0 .net "clk_div", 0 0, v000001497065c5a0_0;  1 drivers
v00000149705d9130_0 .net "digit", 3 0, v00000149705649a0_0;  1 drivers
v00000149705d9f90_0 .var "reset", 0 0;
v00000149705d9db0_0 .net "segment", 7 0, v00000149705d94f0_0;  1 drivers
v00000149705d9b30_0 .var "switch_io", 7 0;
S_0000014970560a20 .scope module, "u_task2_4" "task2_4" 2 21, 3 2 0, S_000001497065ca80;
 .timescale -9 -12;
    .port_info 0 /INPUT 1 "clk";
    .port_info 1 /INPUT 1 "reset";
    .port_info 2 /INPUT 8 "switch_io";
    .port_info 3 /OUTPUT 1 "clk_div";
    .port_info 4 /OUTPUT 1 "buzz";
    .port_info 5 /OUTPUT 4 "digit";
    .port_info 6 /OUTPUT 8 "segment";
v00000149705333e0_0 .var "buzz", 0 0;
v000001497065cc10_0 .var "buzz_cnt", 0 0;
v0000014970560bb0_0 .var "buzz_flag", 0 0;
v000001497065c500_0 .net "clk", 0 0, v00000149705d98b0_0;  1 drivers
v000001497065c5a0_0 .var "clk_div", 0 0;
v00000149705647c0_0 .var "cnt", 31 0;
v0000014970564860_0 .var "data", 15 0;
v0000014970564900_0 .var "data_temp", 3 0;
v00000149705649a0_0 .var "digit", 3 0;
v0000014970564a40_0 .var "div_reg", 31 0;
v0000014970532d80_0 .var "real_time", 7 0;
v0000014970532e20_0 .net "reset", 0 0, v00000149705d9f90_0;  1 drivers
v00000149705d94f0_0 .var "segment", 7 0;
v00000149705d9810_0 .var "state", 1 0;
v00000149705d9630_0 .var "stop_flag", 0 0;
v00000149705d9bd0_0 .net "switch_io", 7 0, v00000149705d9b30_0;  1 drivers
E_000001497055e190 .event posedge, v0000014970532e20_0, v000001497065c500_0;
E_000001497055da50 .event posedge, v0000014970532e20_0, v000001497065c5a0_0;
    .scope S_0000014970560a20;
T_0 ;
    %wait E_000001497055e190;
    %load/vec4 v0000014970532e20_0;
    %flag_set/vec4 8;
    %jmp/0xz  T_0.0, 8;
    %load/vec4 v00000149705d9bd0_0;
    %store/vec4 v0000014970532d80_0, 0, 8;
    %load/vec4 v0000014970532d80_0;
    %pad/u 32;
    %pushi/vec4 60, 0, 32;
    %mod;
    %pushi/vec4 10, 0, 32;
    %mod;
    %pad/u 4;
    %ix/load 4, 0, 0;
    %flag_set/imm 4, 0;
    %store/vec4 v0000014970564860_0, 4, 4;
    %load/vec4 v0000014970532d80_0;
    %pad/u 32;
    %pushi/vec4 60, 0, 32;
    %mod;
    %pushi/vec4 10, 0, 32;
    %div;
    %pad/u 4;
    %ix/load 4, 4, 0;
    %flag_set/imm 4, 0;
    %store/vec4 v0000014970564860_0, 4, 4;
    %load/vec4 v0000014970532d80_0;
    %pad/u 32;
    %pushi/vec4 60, 0, 32;
    %div;
    %pushi/vec4 10, 0, 32;
    %mod;
    %pad/u 4;
    %ix/load 4, 8, 0;
    %flag_set/imm 4, 0;
    %store/vec4 v0000014970564860_0, 4, 4;
    %load/vec4 v0000014970532d80_0;
    %pad/u 32;
    %pushi/vec4 60, 0, 32;
    %div;
    %pushi/vec4 10, 0, 32;
    %div;
    %pad/u 4;
    %ix/load 4, 12, 0;
    %flag_set/imm 4, 0;
    %store/vec4 v0000014970564860_0, 4, 4;
    %pushi/vec4 0, 0, 1;
    %assign/vec4 v0000014970560bb0_0, 0;
    %jmp T_0.1;
T_0.0 ;
    %load/vec4 v00000149705647c0_0;
    %cmpi/e 24, 0, 32;
    %jmp/0xz  T_0.2, 4;
    %load/vec4 v0000014970532d80_0;
    %cmpi/e 0, 0, 8;
    %jmp/0xz  T_0.4, 4;
    %pushi/vec4 1, 0, 1;
    %store/vec4 v0000014970560bb0_0, 0, 1;
    %load/vec4 v00000149705d9630_0;
    %cmpi/e 1, 0, 1;
    %jmp/0xz  T_0.6, 4;
    %pushi/vec4 0, 0, 1;
    %store/vec4 v0000014970560bb0_0, 0, 1;
T_0.6 ;
    %jmp T_0.5;
T_0.4 ;
    %load/vec4 v0000014970532d80_0;
    %subi 1, 0, 8;
    %store/vec4 v0000014970532d80_0, 0, 8;
    %load/vec4 v0000014970532d80_0;
    %pad/u 32;
    %pushi/vec4 60, 0, 32;
    %mod;
    %pushi/vec4 10, 0, 32;
    %mod;
    %pad/u 4;
    %ix/load 4, 0, 0;
    %flag_set/imm 4, 0;
    %store/vec4 v0000014970564860_0, 4, 4;
    %load/vec4 v0000014970532d80_0;
    %pad/u 32;
    %pushi/vec4 60, 0, 32;
    %mod;
    %pushi/vec4 10, 0, 32;
    %div;
    %pad/u 4;
    %ix/load 4, 4, 0;
    %flag_set/imm 4, 0;
    %store/vec4 v0000014970564860_0, 4, 4;
    %load/vec4 v0000014970532d80_0;
    %pad/u 32;
    %pushi/vec4 60, 0, 32;
    %div;
    %pushi/vec4 10, 0, 32;
    %mod;
    %pad/u 4;
    %ix/load 4, 8, 0;
    %flag_set/imm 4, 0;
    %store/vec4 v0000014970564860_0, 4, 4;
    %load/vec4 v0000014970532d80_0;
    %pad/u 32;
    %pushi/vec4 60, 0, 32;
    %div;
    %pushi/vec4 10, 0, 32;
    %div;
    %pad/u 4;
    %ix/load 4, 12, 0;
    %flag_set/imm 4, 0;
    %store/vec4 v0000014970564860_0, 4, 4;
T_0.5 ;
T_0.2 ;
T_0.1 ;
    %jmp T_0;
    .thread T_0;
    .scope S_0000014970560a20;
T_1 ;
    %wait E_000001497055e190;
    %load/vec4 v0000014970532e20_0;
    %flag_set/vec4 8;
    %jmp/0xz  T_1.0, 8;
    %pushi/vec4 0, 0, 1;
    %assign/vec4 v000001497065cc10_0, 0;
    %pushi/vec4 0, 0, 1;
    %assign/vec4 v00000149705d9630_0, 0;
    %pushi/vec4 1, 0, 1;
    %assign/vec4 v00000149705333e0_0, 0;
    %jmp T_1.1;
T_1.0 ;
    %load/vec4 v00000149705647c0_0;
    %cmpi/e 24, 0, 32;
    %flag_get/vec4 4;
    %jmp/0 T_1.4, 4;
    %load/vec4 v0000014970560bb0_0;
    %pushi/vec4 1, 0, 1;
    %cmp/e;
    %flag_get/vec4 4;
    %and;
T_1.4;
    %flag_set/vec4 8;
    %jmp/0xz  T_1.2, 8;
    %load/vec4 v00000149705333e0_0;
    %inv;
    %store/vec4 v00000149705333e0_0, 0, 1;
    %load/vec4 v000001497065cc10_0;
    %pad/u 3;
    %cmpi/e 5, 0, 3;
    %jmp/0xz  T_1.5, 4;
    %pushi/vec4 0, 0, 1;
    %assign/vec4 v000001497065cc10_0, 0;
    %pushi/vec4 1, 0, 1;
    %assign/vec4 v00000149705d9630_0, 0;
    %jmp T_1.6;
T_1.5 ;
    %load/vec4 v000001497065cc10_0;
    %pad/u 3;
    %addi 1, 0, 3;
    %pad/u 1;
    %assign/vec4 v000001497065cc10_0, 0;
T_1.6 ;
T_1.2 ;
T_1.1 ;
    %jmp T_1;
    .thread T_1;
    .scope S_0000014970560a20;
T_2 ;
    %wait E_000001497055e190;
    %load/vec4 v0000014970532e20_0;
    %flag_set/vec4 8;
    %jmp/0xz  T_2.0, 8;
    %pushi/vec4 0, 0, 32;
    %assign/vec4 v0000014970564a40_0, 0;
    %pushi/vec4 0, 0, 1;
    %assign/vec4 v000001497065c5a0_0, 0;
    %jmp T_2.1;
T_2.0 ;
    %load/vec4 v0000014970564a40_0;
    %cmpi/u 12500, 0, 32;
    %jmp/0xz  T_2.2, 5;
    %load/vec4 v0000014970564a40_0;
    %addi 1, 0, 32;
    %assign/vec4 v0000014970564a40_0, 0;
    %jmp T_2.3;
T_2.2 ;
    %pushi/vec4 0, 0, 32;
    %assign/vec4 v0000014970564a40_0, 0;
    %load/vec4 v000001497065c5a0_0;
    %inv;
    %assign/vec4 v000001497065c5a0_0, 0;
T_2.3 ;
T_2.1 ;
    %jmp T_2;
    .thread T_2;
    .scope S_0000014970560a20;
T_3 ;
    %wait E_000001497055e190;
    %load/vec4 v0000014970532e20_0;
    %flag_set/vec4 8;
    %jmp/0xz  T_3.0, 8;
    %pushi/vec4 0, 0, 32;
    %assign/vec4 v00000149705647c0_0, 0;
    %jmp T_3.1;
T_3.0 ;
    %load/vec4 v00000149705647c0_0;
    %cmpi/e 24, 0, 32;
    %jmp/0xz  T_3.2, 4;
    %pushi/vec4 0, 0, 32;
    %assign/vec4 v00000149705647c0_0, 0;
    %jmp T_3.3;
T_3.2 ;
    %load/vec4 v00000149705647c0_0;
    %addi 1, 0, 32;
    %assign/vec4 v00000149705647c0_0, 0;
T_3.3 ;
T_3.1 ;
    %jmp T_3;
    .thread T_3;
    .scope S_0000014970560a20;
T_4 ;
    %wait E_000001497055da50;
    %load/vec4 v0000014970532e20_0;
    %flag_set/vec4 8;
    %jmp/0xz  T_4.0, 8;
    %pushi/vec4 0, 0, 4;
    %assign/vec4 v0000014970564900_0, 0;
    %pushi/vec4 15, 0, 4;
    %assign/vec4 v00000149705649a0_0, 0;
    %pushi/vec4 0, 0, 2;
    %assign/vec4 v00000149705d9810_0, 0;
    %jmp T_4.1;
T_4.0 ;
    %load/vec4 v00000149705d9810_0;
    %dup/vec4;
    %pushi/vec4 0, 0, 2;
    %cmp/u;
    %jmp/1 T_4.2, 6;
    %dup/vec4;
    %pushi/vec4 1, 0, 2;
    %cmp/u;
    %jmp/1 T_4.3, 6;
    %dup/vec4;
    %pushi/vec4 2, 0, 2;
    %cmp/u;
    %jmp/1 T_4.4, 6;
    %dup/vec4;
    %pushi/vec4 3, 0, 2;
    %cmp/u;
    %jmp/1 T_4.5, 6;
    %pushi/vec4 0, 0, 4;
    %assign/vec4 v0000014970564900_0, 0;
    %pushi/vec4 15, 0, 4;
    %assign/vec4 v00000149705649a0_0, 0;
    %pushi/vec4 0, 0, 2;
    %assign/vec4 v00000149705d9810_0, 0;
    %jmp T_4.7;
T_4.2 ;
    %load/vec4 v0000014970564860_0;
    %parti/s 4, 12, 5;
    %assign/vec4 v0000014970564900_0, 0;
    %pushi/vec4 14, 0, 4;
    %assign/vec4 v00000149705649a0_0, 0;
    %pushi/vec4 1, 0, 2;
    %assign/vec4 v00000149705d9810_0, 0;
    %jmp T_4.7;
T_4.3 ;
    %load/vec4 v0000014970564860_0;
    %parti/s 4, 8, 5;
    %assign/vec4 v0000014970564900_0, 0;
    %pushi/vec4 13, 0, 4;
    %assign/vec4 v00000149705649a0_0, 0;
    %pushi/vec4 2, 0, 2;
    %assign/vec4 v00000149705d9810_0, 0;
    %jmp T_4.7;
T_4.4 ;
    %load/vec4 v0000014970564860_0;
    %parti/s 4, 4, 4;
    %assign/vec4 v0000014970564900_0, 0;
    %pushi/vec4 11, 0, 4;
    %assign/vec4 v00000149705649a0_0, 0;
    %pushi/vec4 3, 0, 2;
    %assign/vec4 v00000149705d9810_0, 0;
    %jmp T_4.7;
T_4.5 ;
    %load/vec4 v0000014970564860_0;
    %parti/s 4, 0, 2;
    %assign/vec4 v0000014970564900_0, 0;
    %pushi/vec4 7, 0, 4;
    %assign/vec4 v00000149705649a0_0, 0;
    %pushi/vec4 0, 0, 2;
    %assign/vec4 v00000149705d9810_0, 0;
    %jmp T_4.7;
T_4.7 ;
    %pop/vec4 1;
T_4.1 ;
    %jmp T_4;
    .thread T_4;
    .scope S_0000014970560a20;
T_5 ;
    %wait E_000001497055e190;
    %load/vec4 v0000014970532e20_0;
    %flag_set/vec4 8;
    %jmp/0xz  T_5.0, 8;
    %pushi/vec4 0, 0, 8;
    %assign/vec4 v00000149705d94f0_0, 0;
    %jmp T_5.1;
T_5.0 ;
    %load/vec4 v0000014970564900_0;
    %dup/vec4;
    %pushi/vec4 0, 0, 4;
    %cmp/u;
    %jmp/1 T_5.2, 6;
    %dup/vec4;
    %pushi/vec4 1, 0, 4;
    %cmp/u;
    %jmp/1 T_5.3, 6;
    %dup/vec4;
    %pushi/vec4 2, 0, 4;
    %cmp/u;
    %jmp/1 T_5.4, 6;
    %dup/vec4;
    %pushi/vec4 3, 0, 4;
    %cmp/u;
    %jmp/1 T_5.5, 6;
    %dup/vec4;
    %pushi/vec4 4, 0, 4;
    %cmp/u;
    %jmp/1 T_5.6, 6;
    %dup/vec4;
    %pushi/vec4 5, 0, 4;
    %cmp/u;
    %jmp/1 T_5.7, 6;
    %dup/vec4;
    %pushi/vec4 6, 0, 4;
    %cmp/u;
    %jmp/1 T_5.8, 6;
    %dup/vec4;
    %pushi/vec4 7, 0, 4;
    %cmp/u;
    %jmp/1 T_5.9, 6;
    %dup/vec4;
    %pushi/vec4 8, 0, 4;
    %cmp/u;
    %jmp/1 T_5.10, 6;
    %dup/vec4;
    %pushi/vec4 9, 0, 4;
    %cmp/u;
    %jmp/1 T_5.11, 6;
    %dup/vec4;
    %pushi/vec4 10, 0, 4;
    %cmp/u;
    %jmp/1 T_5.12, 6;
    %dup/vec4;
    %pushi/vec4 11, 0, 4;
    %cmp/u;
    %jmp/1 T_5.13, 6;
    %dup/vec4;
    %pushi/vec4 12, 0, 4;
    %cmp/u;
    %jmp/1 T_5.14, 6;
    %dup/vec4;
    %pushi/vec4 13, 0, 4;
    %cmp/u;
    %jmp/1 T_5.15, 6;
    %dup/vec4;
    %pushi/vec4 14, 0, 4;
    %cmp/u;
    %jmp/1 T_5.16, 6;
    %dup/vec4;
    %pushi/vec4 15, 0, 4;
    %cmp/u;
    %jmp/1 T_5.17, 6;
    %pushi/vec4 0, 0, 8;
    %assign/vec4 v00000149705d94f0_0, 0;
    %jmp T_5.19;
T_5.2 ;
    %pushi/vec4 192, 0, 8;
    %assign/vec4 v00000149705d94f0_0, 0;
    %jmp T_5.19;
T_5.3 ;
    %pushi/vec4 249, 0, 8;
    %assign/vec4 v00000149705d94f0_0, 0;
    %jmp T_5.19;
T_5.4 ;
    %pushi/vec4 164, 0, 8;
    %assign/vec4 v00000149705d94f0_0, 0;
    %jmp T_5.19;
T_5.5 ;
    %pushi/vec4 176, 0, 8;
    %assign/vec4 v00000149705d94f0_0, 0;
    %jmp T_5.19;
T_5.6 ;
    %pushi/vec4 153, 0, 8;
    %assign/vec4 v00000149705d94f0_0, 0;
    %jmp T_5.19;
T_5.7 ;
    %pushi/vec4 146, 0, 8;
    %assign/vec4 v00000149705d94f0_0, 0;
    %jmp T_5.19;
T_5.8 ;
    %pushi/vec4 130, 0, 8;
    %assign/vec4 v00000149705d94f0_0, 0;
    %jmp T_5.19;
T_5.9 ;
    %pushi/vec4 248, 0, 8;
    %assign/vec4 v00000149705d94f0_0, 0;
    %jmp T_5.19;
T_5.10 ;
    %pushi/vec4 128, 0, 8;
    %assign/vec4 v00000149705d94f0_0, 0;
    %jmp T_5.19;
T_5.11 ;
    %pushi/vec4 144, 0, 8;
    %assign/vec4 v00000149705d94f0_0, 0;
    %jmp T_5.19;
T_5.12 ;
    %pushi/vec4 136, 0, 8;
    %assign/vec4 v00000149705d94f0_0, 0;
    %jmp T_5.19;
T_5.13 ;
    %pushi/vec4 131, 0, 8;
    %assign/vec4 v00000149705d94f0_0, 0;
    %jmp T_5.19;
T_5.14 ;
    %pushi/vec4 198, 0, 8;
    %assign/vec4 v00000149705d94f0_0, 0;
    %jmp T_5.19;
T_5.15 ;
    %pushi/vec4 161, 0, 8;
    %assign/vec4 v00000149705d94f0_0, 0;
    %jmp T_5.19;
T_5.16 ;
    %pushi/vec4 134, 0, 8;
    %assign/vec4 v00000149705d94f0_0, 0;
    %jmp T_5.19;
T_5.17 ;
    %pushi/vec4 142, 0, 8;
    %assign/vec4 v00000149705d94f0_0, 0;
    %jmp T_5.19;
T_5.19 ;
    %pop/vec4 1;
T_5.1 ;
    %jmp T_5;
    .thread T_5;
    .scope S_000001497065ca80;
T_6 ;
    %pushi/vec4 0, 0, 1;
    %store/vec4 v00000149705d98b0_0, 0, 1;
    %pushi/vec4 0, 0, 1;
    %store/vec4 v00000149705d9f90_0, 0, 1;
    %pushi/vec4 0, 0, 8;
    %store/vec4 v00000149705d9b30_0, 0, 8;
    %end;
    .thread T_6;
    .scope S_000001497065ca80;
T_7 ;
    %vpi_call 2 32 "$dumpfile", "./wave/tb_task2_4.vcd" {0 0 0};
    %vpi_call 2 33 "$dumpvars", 32'sb00000000000000000000000000000000, S_000001497065ca80 {0 0 0};
    %pushi/vec4 0, 0, 1;
    %store/vec4 v00000149705d98b0_0, 0, 1;
    %pushi/vec4 1, 0, 1;
    %store/vec4 v00000149705d9f90_0, 0, 1;
    %pushi/vec4 7, 0, 8;
    %store/vec4 v00000149705d9b30_0, 0, 8;
    %delay 10000, 0;
    %pushi/vec4 0, 0, 1;
    %store/vec4 v00000149705d9f90_0, 0, 1;
    %delay 10000000, 0;
    %pushi/vec4 135, 0, 8;
    %store/vec4 v00000149705d9b30_0, 0, 8;
    %pushi/vec4 1, 0, 1;
    %store/vec4 v00000149705d9f90_0, 0, 1;
    %delay 10000, 0;
    %pushi/vec4 0, 0, 1;
    %store/vec4 v00000149705d9f90_0, 0, 1;
    %vpi_call 2 44 "$finish" {0 0 0};
    %end;
    .thread T_7;
    .scope S_000001497065ca80;
T_8 ;
    %delay 100, 0;
    %load/vec4 v00000149705d98b0_0;
    %inv;
    %store/vec4 v00000149705d98b0_0, 0, 1;
    %jmp T_8;
    .thread T_8;
# The file index is used to find the file name in the following table.
:file_names 4;
    "N/A";
    "<interactive>";
    "tb_task2_4.v";
    "./task2_4.v";
