Analysis & Synthesis report for homework
Wed Nov 29 19:18:33 2023
Quartus Prime Version 20.1.1 Build 720 11/11/2020 SJ Lite Edition


---------------------
; Table of Contents ;
---------------------
  1. Legal Notice
  2. Analysis & Synthesis Summary
  3. Analysis & Synthesis Settings
  4. Parallel Compilation
  5. Analysis & Synthesis Source Files Read
  6. Analysis & Synthesis Resource Usage Summary
  7. Analysis & Synthesis Resource Utilization by Entity
  8. Analysis & Synthesis RAM Summary
  9. General Register Statistics
 10. Inverted Register Statistics
 11. Multiplexer Restructuring Statistics (Restructuring Performed)
 12. Source assignments for myrom:uut3|altsyncram:altsyncram_component|altsyncram_h7d1:auto_generated
 13. Parameter Settings for User Entity Instance: myrom:uut3|altsyncram:altsyncram_component
 14. Parameter Settings for User Entity Instance: uart_transmit:uut4
 15. altsyncram Parameter Settings by Entity Instance
 16. Post-Synthesis Netlist Statistics for Top Partition
 17. Elapsed Time Per Partition
 18. Analysis & Synthesis Messages
 19. Analysis & Synthesis Suppressed Messages



----------------
; Legal Notice ;
----------------
Copyright (C) 2020  Intel Corporation. All rights reserved.
Your use of Intel Corporation's design tools, logic functions 
and other software and tools, and any partner logic 
functions, and any output files from any of the foregoing 
(including device programming or simulation files), and any 
associated documentation or information are expressly subject 
to the terms and conditions of the Intel Program License 
Subscription Agreement, the Intel Quartus Prime License Agreement,
the Intel FPGA IP License Agreement, or other applicable license
agreement, including, without limitation, that your use is for
the sole purpose of programming logic devices manufactured by
Intel and sold by Intel or its authorized distributors.  Please
refer to the applicable agreement for further details, at
https://fpgasoftware.intel.com/eula.



+----------------------------------------------------------------------------------+
; Analysis & Synthesis Summary                                                     ;
+------------------------------------+---------------------------------------------+
; Analysis & Synthesis Status        ; Successful - Wed Nov 29 19:18:32 2023       ;
; Quartus Prime Version              ; 20.1.1 Build 720 11/11/2020 SJ Lite Edition ;
; Revision Name                      ; homework                                    ;
; Top-level Entity Name              ; uart_top                                    ;
; Family                             ; Cyclone 10 LP                               ;
; Total logic elements               ; 106                                         ;
;     Total combinational functions  ; 103                                         ;
;     Dedicated logic registers      ; 70                                          ;
; Total registers                    ; 70                                          ;
; Total pins                         ; 6                                           ;
; Total virtual pins                 ; 0                                           ;
; Total memory bits                  ; 6,144                                       ;
; Embedded Multiplier 9-bit elements ; 0                                           ;
; Total PLLs                         ; 0                                           ;
+------------------------------------+---------------------------------------------+


+------------------------------------------------------------------------------------------------------------+
; Analysis & Synthesis Settings                                                                              ;
+------------------------------------------------------------------+--------------------+--------------------+
; Option                                                           ; Setting            ; Default Value      ;
+------------------------------------------------------------------+--------------------+--------------------+
; Top-level entity name                                            ; uart_top           ; homework           ;
; Family name                                                      ; Cyclone 10 LP      ; Cyclone V          ;
; Use smart compilation                                            ; Off                ; Off                ;
; Enable parallel Assembler and Timing Analyzer during compilation ; On                 ; On                 ;
; Enable compact report table                                      ; Off                ; Off                ;
; Restructure Multiplexers                                         ; Auto               ; Auto               ;
; Create Debugging Nodes for IP Cores                              ; Off                ; Off                ;
; Preserve fewer node names                                        ; On                 ; On                 ;
; Intel FPGA IP Evaluation Mode                                    ; Enable             ; Enable             ;
; Verilog Version                                                  ; Verilog_2001       ; Verilog_2001       ;
; VHDL Version                                                     ; VHDL_1993          ; VHDL_1993          ;
; State Machine Processing                                         ; Auto               ; Auto               ;
; Safe State Machine                                               ; Off                ; Off                ;
; Extract Verilog State Machines                                   ; On                 ; On                 ;
; Extract VHDL State Machines                                      ; On                 ; On                 ;
; Ignore Verilog initial constructs                                ; Off                ; Off                ;
; Iteration limit for constant Verilog loops                       ; 5000               ; 5000               ;
; Iteration limit for non-constant Verilog loops                   ; 250                ; 250                ;
; Add Pass-Through Logic to Inferred RAMs                          ; On                 ; On                 ;
; Infer RAMs from Raw Logic                                        ; On                 ; On                 ;
; Parallel Synthesis                                               ; On                 ; On                 ;
; DSP Block Balancing                                              ; Auto               ; Auto               ;
; NOT Gate Push-Back                                               ; On                 ; On                 ;
; Power-Up Don't Care                                              ; On                 ; On                 ;
; Remove Redundant Logic Cells                                     ; Off                ; Off                ;
; Remove Duplicate Registers                                       ; On                 ; On                 ;
; Ignore CARRY Buffers                                             ; Off                ; Off                ;
; Ignore CASCADE Buffers                                           ; Off                ; Off                ;
; Ignore GLOBAL Buffers                                            ; Off                ; Off                ;
; Ignore ROW GLOBAL Buffers                                        ; Off                ; Off                ;
; Ignore LCELL Buffers                                             ; Off                ; Off                ;
; Ignore SOFT Buffers                                              ; On                 ; On                 ;
; Limit AHDL Integers to 32 Bits                                   ; Off                ; Off                ;
; Optimization Technique                                           ; Balanced           ; Balanced           ;
; Carry Chain Length                                               ; 70                 ; 70                 ;
; Auto Carry Chains                                                ; On                 ; On                 ;
; Auto Open-Drain Pins                                             ; On                 ; On                 ;
; Perform WYSIWYG Primitive Resynthesis                            ; Off                ; Off                ;
; Auto ROM Replacement                                             ; On                 ; On                 ;
; Auto RAM Replacement                                             ; On                 ; On                 ;
; Auto DSP Block Replacement                                       ; On                 ; On                 ;
; Auto Shift Register Replacement                                  ; Auto               ; Auto               ;
; Allow Shift Register Merging across Hierarchies                  ; Auto               ; Auto               ;
; Auto Clock Enable Replacement                                    ; On                 ; On                 ;
; Strict RAM Replacement                                           ; Off                ; Off                ;
; Allow Synchronous Control Signals                                ; On                 ; On                 ;
; Force Use of Synchronous Clear Signals                           ; Off                ; Off                ;
; Auto RAM Block Balancing                                         ; On                 ; On                 ;
; Auto RAM to Logic Cell Conversion                                ; Off                ; Off                ;
; Auto Resource Sharing                                            ; Off                ; Off                ;
; Allow Any RAM Size For Recognition                               ; Off                ; Off                ;
; Allow Any ROM Size For Recognition                               ; Off                ; Off                ;
; Allow Any Shift Register Size For Recognition                    ; Off                ; Off                ;
; Use LogicLock Constraints during Resource Balancing              ; On                 ; On                 ;
; Ignore translate_off and synthesis_off directives                ; Off                ; Off                ;
; Timing-Driven Synthesis                                          ; On                 ; On                 ;
; Report Parameter Settings                                        ; On                 ; On                 ;
; Report Source Assignments                                        ; On                 ; On                 ;
; Report Connectivity Checks                                       ; On                 ; On                 ;
; Ignore Maximum Fan-Out Assignments                               ; Off                ; Off                ;
; Synchronization Register Chain Length                            ; 2                  ; 2                  ;
; Power Optimization During Synthesis                              ; Normal compilation ; Normal compilation ;
; HDL message level                                                ; Level2             ; Level2             ;
; Suppress Register Optimization Related Messages                  ; Off                ; Off                ;
; Number of Removed Registers Reported in Synthesis Report         ; 5000               ; 5000               ;
; Number of Swept Nodes Reported in Synthesis Report               ; 5000               ; 5000               ;
; Number of Inverted Registers Reported in Synthesis Report        ; 100                ; 100                ;
; Clock MUX Protection                                             ; On                 ; On                 ;
; Auto Gated Clock Conversion                                      ; Off                ; Off                ;
; Block Design Naming                                              ; Auto               ; Auto               ;
; SDC constraint protection                                        ; Off                ; Off                ;
; Synthesis Effort                                                 ; Auto               ; Auto               ;
; Shift Register Replacement - Allow Asynchronous Clear Signal     ; On                 ; On                 ;
; Pre-Mapping Resynthesis Optimization                             ; Off                ; Off                ;
; Analysis & Synthesis Message Level                               ; Medium             ; Medium             ;
; Disable Register Merging Across Hierarchies                      ; Auto               ; Auto               ;
; Resource Aware Inference For Block RAM                           ; On                 ; On                 ;
+------------------------------------------------------------------+--------------------+--------------------+


+------------------------------------------+
; Parallel Compilation                     ;
+----------------------------+-------------+
; Processors                 ; Number      ;
+----------------------------+-------------+
; Number detected on machine ; 16          ;
; Maximum allowed            ; 16          ;
;                            ;             ;
; Average used               ; 1.01        ;
; Maximum used               ; 16          ;
;                            ;             ;
; Usage by Processor         ; % Time Used ;
;     Processor 1            ; 100.0%      ;
;     Processors 2-16        ;   0.0%      ;
+----------------------------+-------------+


+-------------------------------------------------------------------------------------------------------------------------------------------------------------------------------------------------------------------------+
; Analysis & Synthesis Source Files Read                                                                                                                                                                                  ;
+---------------------------------------------------------------------+-----------------+----------------------------------------+------------------------------------------------------------------------------+---------+
; File Name with User-Entered Path                                    ; Used in Netlist ; File Type                              ; File Name with Absolute Path                                                 ; Library ;
+---------------------------------------------------------------------+-----------------+----------------------------------------+------------------------------------------------------------------------------+---------+
; uart_top.v                                                          ; yes             ; User Verilog HDL File                  ; G:/software/FPGA/workplace/yfr/uart_top.v                                    ;         ;
; uart_transmit.v                                                     ; yes             ; Auto-Found Verilog HDL File            ; G:/software/FPGA/workplace/yfr/uart_transmit.v                               ;         ;
; uart_fre_div.v                                                      ; yes             ; Auto-Found Verilog HDL File            ; G:/software/FPGA/workplace/yfr/uart_fre_div.v                                ;         ;
; addr_tx_en.v                                                        ; yes             ; Auto-Found Verilog HDL File            ; G:/software/FPGA/workplace/yfr/addr_tx_en.v                                  ;         ;
; myrom.v                                                             ; yes             ; Auto-Found Verilog HDL File            ; G:/software/FPGA/workplace/yfr/myrom.v                                       ;         ;
; altsyncram.tdf                                                      ; yes             ; Megafunction                           ; g:/software/fpga/tools/quartus/libraries/megafunctions/altsyncram.tdf        ;         ;
; stratix_ram_block.inc                                               ; yes             ; Megafunction                           ; g:/software/fpga/tools/quartus/libraries/megafunctions/stratix_ram_block.inc ;         ;
; lpm_mux.inc                                                         ; yes             ; Megafunction                           ; g:/software/fpga/tools/quartus/libraries/megafunctions/lpm_mux.inc           ;         ;
; lpm_decode.inc                                                      ; yes             ; Megafunction                           ; g:/software/fpga/tools/quartus/libraries/megafunctions/lpm_decode.inc        ;         ;
; aglobal201.inc                                                      ; yes             ; Megafunction                           ; g:/software/fpga/tools/quartus/libraries/megafunctions/aglobal201.inc        ;         ;
; a_rdenreg.inc                                                       ; yes             ; Megafunction                           ; g:/software/fpga/tools/quartus/libraries/megafunctions/a_rdenreg.inc         ;         ;
; altrom.inc                                                          ; yes             ; Megafunction                           ; g:/software/fpga/tools/quartus/libraries/megafunctions/altrom.inc            ;         ;
; altram.inc                                                          ; yes             ; Megafunction                           ; g:/software/fpga/tools/quartus/libraries/megafunctions/altram.inc            ;         ;
; altdpram.inc                                                        ; yes             ; Megafunction                           ; g:/software/fpga/tools/quartus/libraries/megafunctions/altdpram.inc          ;         ;
; db/altsyncram_h7d1.tdf                                              ; yes             ; Auto-Generated Megafunction            ; G:/software/FPGA/workplace/yfr/db/altsyncram_h7d1.tdf                        ;         ;
; /software/fpga/workplace/week10/matlabworkplace/final_waveforms.mif ; yes             ; Auto-Found Memory Initialization File  ; /software/fpga/workplace/week10/matlabworkplace/final_waveforms.mif          ;         ;
+---------------------------------------------------------------------+-----------------+----------------------------------------+------------------------------------------------------------------------------+---------+


+---------------------------------------------------------+
; Analysis & Synthesis Resource Usage Summary             ;
+---------------------------------------------+-----------+
; Resource                                    ; Usage     ;
+---------------------------------------------+-----------+
; Estimated Total logic elements              ; 106       ;
;                                             ;           ;
; Total combinational functions               ; 103       ;
; Logic element usage by number of LUT inputs ;           ;
;     -- 4 input functions                    ; 39        ;
;     -- 3 input functions                    ; 5         ;
;     -- <=2 input functions                  ; 59        ;
;                                             ;           ;
; Logic elements by mode                      ;           ;
;     -- normal mode                          ; 58        ;
;     -- arithmetic mode                      ; 45        ;
;                                             ;           ;
; Total registers                             ; 70        ;
;     -- Dedicated logic registers            ; 70        ;
;     -- I/O registers                        ; 0         ;
;                                             ;           ;
; I/O pins                                    ; 6         ;
; Total memory bits                           ; 6144      ;
;                                             ;           ;
; Embedded Multiplier 9-bit elements          ; 0         ;
;                                             ;           ;
; Maximum fan-out node                        ; rst~input ;
; Maximum fan-out                             ; 70        ;
; Total fan-out                               ; 604       ;
; Average fan-out                             ; 3.13      ;
+---------------------------------------------+-----------+


+---------------------------------------------------------------------------------------------------------------------------------------------------------------------------------------------------------------------------------------------------------------------------------------------+
; Analysis & Synthesis Resource Utilization by Entity                                                                                                                                                                                                                                         ;
+-------------------------------------------+---------------------+---------------------------+-------------+--------------+---------+-----------+------+--------------+-------------------------------------------------------------------------------------+-----------------+--------------+
; Compilation Hierarchy Node                ; Combinational ALUTs ; Dedicated Logic Registers ; Memory Bits ; DSP Elements ; DSP 9x9 ; DSP 18x18 ; Pins ; Virtual Pins ; Full Hierarchy Name                                                                 ; Entity Name     ; Library Name ;
+-------------------------------------------+---------------------+---------------------------+-------------+--------------+---------+-----------+------+--------------+-------------------------------------------------------------------------------------+-----------------+--------------+
; |uart_top                                 ; 103 (0)             ; 70 (0)                    ; 6144        ; 0            ; 0       ; 0         ; 6    ; 0            ; |uart_top                                                                           ; uart_top        ; work         ;
;    |addr_tx_en:uut2|                      ; 26 (26)             ; 24 (24)                   ; 0           ; 0            ; 0       ; 0         ; 0    ; 0            ; |uart_top|addr_tx_en:uut2                                                           ; addr_tx_en      ; work         ;
;    |myrom:uut3|                           ; 0 (0)               ; 0 (0)                     ; 6144        ; 0            ; 0       ; 0         ; 0    ; 0            ; |uart_top|myrom:uut3                                                                ; myrom           ; work         ;
;       |altsyncram:altsyncram_component|   ; 0 (0)               ; 0 (0)                     ; 6144        ; 0            ; 0       ; 0         ; 0    ; 0            ; |uart_top|myrom:uut3|altsyncram:altsyncram_component                                ; altsyncram      ; work         ;
;          |altsyncram_h7d1:auto_generated| ; 0 (0)               ; 0 (0)                     ; 6144        ; 0            ; 0       ; 0         ; 0    ; 0            ; |uart_top|myrom:uut3|altsyncram:altsyncram_component|altsyncram_h7d1:auto_generated ; altsyncram_h7d1 ; work         ;
;    |uart_fre_div:uut1|                    ; 39 (39)             ; 26 (26)                   ; 0           ; 0            ; 0       ; 0         ; 0    ; 0            ; |uart_top|uart_fre_div:uut1                                                         ; uart_fre_div    ; work         ;
;    |uart_transmit:uut4|                   ; 38 (38)             ; 20 (20)                   ; 0           ; 0            ; 0       ; 0         ; 0    ; 0            ; |uart_top|uart_transmit:uut4                                                        ; uart_transmit   ; work         ;
+-------------------------------------------+---------------------+---------------------------+-------------+--------------+---------+-----------+------+--------------+-------------------------------------------------------------------------------------+-----------------+--------------+
Note: For table entries with two numbers listed, the numbers in parentheses indicate the number of resources of the given type used by the specific entity alone. The numbers listed outside of parentheses indicate the total resources of the given type used by the specific entity and all of its sub-entities in the hierarchy.


+-----------------------------------------------------------------------------------------------------------------------------------------------------------------------------------------------------------------------+
; Analysis & Synthesis RAM Summary                                                                                                                                                                                      ;
+--------------------------------------------------------------------------------------+------+------+--------------+--------------+--------------+--------------+------+-----------------------------------------------+
; Name                                                                                 ; Type ; Mode ; Port A Depth ; Port A Width ; Port B Depth ; Port B Width ; Size ; MIF                                           ;
+--------------------------------------------------------------------------------------+------+------+--------------+--------------+--------------+--------------+------+-----------------------------------------------+
; myrom:uut3|altsyncram:altsyncram_component|altsyncram_h7d1:auto_generated|ALTSYNCRAM ; AUTO ; ROM  ; 768          ; 8            ; --           ; --           ; 6144 ; ../week10/matlabworkplace/final_waveforms.mif ;
+--------------------------------------------------------------------------------------+------+------+--------------+--------------+--------------+--------------+------+-----------------------------------------------+


+------------------------------------------------------+
; General Register Statistics                          ;
+----------------------------------------------+-------+
; Statistic                                    ; Value ;
+----------------------------------------------+-------+
; Total registers                              ; 70    ;
; Number of registers using Synchronous Clear  ; 13    ;
; Number of registers using Synchronous Load   ; 0     ;
; Number of registers using Asynchronous Clear ; 70    ;
; Number of registers using Asynchronous Load  ; 0     ;
; Number of registers using Clock Enable       ; 0     ;
; Number of registers using Preset             ; 0     ;
+----------------------------------------------+-------+


+--------------------------------------------------+
; Inverted Register Statistics                     ;
+----------------------------------------+---------+
; Inverted Register                      ; Fan out ;
+----------------------------------------+---------+
; uart_transmit:uut4|sci_tx              ; 2       ;
; Total number of inverted registers = 1 ;         ;
+----------------------------------------+---------+


+------------------------------------------------------------------------------------------------------------------------------------------------------+
; Multiplexer Restructuring Statistics (Restructuring Performed)                                                                                       ;
+--------------------+-----------+---------------+----------------------+------------------------+------------+----------------------------------------+
; Multiplexer Inputs ; Bus Width ; Baseline Area ; Area if Restructured ; Saving if Restructured ; Registered ; Example Multiplexer Output             ;
+--------------------+-----------+---------------+----------------------+------------------------+------------+----------------------------------------+
; 3:1                ; 4 bits    ; 8 LEs         ; 4 LEs                ; 4 LEs                  ; Yes        ; |uart_top|uart_transmit:uut4|tx_num[2] ;
+--------------------+-----------+---------------+----------------------+------------------------+------------+----------------------------------------+


+--------------------------------------------------------------------------------------------------+
; Source assignments for myrom:uut3|altsyncram:altsyncram_component|altsyncram_h7d1:auto_generated ;
+---------------------------------+--------------------+------+------------------------------------+
; Assignment                      ; Value              ; From ; To                                 ;
+---------------------------------+--------------------+------+------------------------------------+
; OPTIMIZE_POWER_DURING_SYNTHESIS ; NORMAL_COMPILATION ; -    ; -                                  ;
+---------------------------------+--------------------+------+------------------------------------+


+-----------------------------------------------------------------------------------------------------+
; Parameter Settings for User Entity Instance: myrom:uut3|altsyncram:altsyncram_component             ;
+------------------------------------+-----------------------------------------------+----------------+
; Parameter Name                     ; Value                                         ; Type           ;
+------------------------------------+-----------------------------------------------+----------------+
; BYTE_SIZE_BLOCK                    ; 8                                             ; Untyped        ;
; AUTO_CARRY_CHAINS                  ; ON                                            ; AUTO_CARRY     ;
; IGNORE_CARRY_BUFFERS               ; OFF                                           ; IGNORE_CARRY   ;
; AUTO_CASCADE_CHAINS                ; ON                                            ; AUTO_CASCADE   ;
; IGNORE_CASCADE_BUFFERS             ; OFF                                           ; IGNORE_CASCADE ;
; WIDTH_BYTEENA                      ; 1                                             ; Untyped        ;
; OPERATION_MODE                     ; ROM                                           ; Untyped        ;
; WIDTH_A                            ; 8                                             ; Signed Integer ;
; WIDTHAD_A                          ; 10                                            ; Signed Integer ;
; NUMWORDS_A                         ; 768                                           ; Signed Integer ;
; OUTDATA_REG_A                      ; UNREGISTERED                                  ; Untyped        ;
; ADDRESS_ACLR_A                     ; NONE                                          ; Untyped        ;
; OUTDATA_ACLR_A                     ; NONE                                          ; Untyped        ;
; WRCONTROL_ACLR_A                   ; NONE                                          ; Untyped        ;
; INDATA_ACLR_A                      ; NONE                                          ; Untyped        ;
; BYTEENA_ACLR_A                     ; NONE                                          ; Untyped        ;
; WIDTH_B                            ; 1                                             ; Untyped        ;
; WIDTHAD_B                          ; 1                                             ; Untyped        ;
; NUMWORDS_B                         ; 1                                             ; Untyped        ;
; INDATA_REG_B                       ; CLOCK1                                        ; Untyped        ;
; WRCONTROL_WRADDRESS_REG_B          ; CLOCK1                                        ; Untyped        ;
; RDCONTROL_REG_B                    ; CLOCK1                                        ; Untyped        ;
; ADDRESS_REG_B                      ; CLOCK1                                        ; Untyped        ;
; OUTDATA_REG_B                      ; UNREGISTERED                                  ; Untyped        ;
; BYTEENA_REG_B                      ; CLOCK1                                        ; Untyped        ;
; INDATA_ACLR_B                      ; NONE                                          ; Untyped        ;
; WRCONTROL_ACLR_B                   ; NONE                                          ; Untyped        ;
; ADDRESS_ACLR_B                     ; NONE                                          ; Untyped        ;
; OUTDATA_ACLR_B                     ; NONE                                          ; Untyped        ;
; RDCONTROL_ACLR_B                   ; NONE                                          ; Untyped        ;
; BYTEENA_ACLR_B                     ; NONE                                          ; Untyped        ;
; WIDTH_BYTEENA_A                    ; 1                                             ; Signed Integer ;
; WIDTH_BYTEENA_B                    ; 1                                             ; Untyped        ;
; RAM_BLOCK_TYPE                     ; AUTO                                          ; Untyped        ;
; BYTE_SIZE                          ; 8                                             ; Untyped        ;
; READ_DURING_WRITE_MODE_MIXED_PORTS ; DONT_CARE                                     ; Untyped        ;
; READ_DURING_WRITE_MODE_PORT_A      ; NEW_DATA_NO_NBE_READ                          ; Untyped        ;
; READ_DURING_WRITE_MODE_PORT_B      ; NEW_DATA_NO_NBE_READ                          ; Untyped        ;
; INIT_FILE                          ; ../week10/matlabworkplace/final_waveforms.mif ; Untyped        ;
; INIT_FILE_LAYOUT                   ; PORT_A                                        ; Untyped        ;
; MAXIMUM_DEPTH                      ; 0                                             ; Untyped        ;
; CLOCK_ENABLE_INPUT_A               ; BYPASS                                        ; Untyped        ;
; CLOCK_ENABLE_INPUT_B               ; NORMAL                                        ; Untyped        ;
; CLOCK_ENABLE_OUTPUT_A              ; BYPASS                                        ; Untyped        ;
; CLOCK_ENABLE_OUTPUT_B              ; NORMAL                                        ; Untyped        ;
; CLOCK_ENABLE_CORE_A                ; USE_INPUT_CLKEN                               ; Untyped        ;
; CLOCK_ENABLE_CORE_B                ; USE_INPUT_CLKEN                               ; Untyped        ;
; ENABLE_ECC                         ; FALSE                                         ; Untyped        ;
; ECC_PIPELINE_STAGE_ENABLED         ; FALSE                                         ; Untyped        ;
; WIDTH_ECCSTATUS                    ; 3                                             ; Untyped        ;
; DEVICE_FAMILY                      ; Cyclone 10 LP                                 ; Untyped        ;
; CBXI_PARAMETER                     ; altsyncram_h7d1                               ; Untyped        ;
+------------------------------------+-----------------------------------------------+----------------+
Note: In order to hide this table in the UI and the text report file, please set the "Show Parameter Settings in Synthesis Report" option in "Analysis and Synthesis Settings -> More Settings" to "Off".


+-----------------------------------------------------------------+
; Parameter Settings for User Entity Instance: uart_transmit:uut4 ;
+----------------+----------+-------------------------------------+
; Parameter Name ; Value    ; Type                                ;
+----------------+----------+-------------------------------------+
; CLK_FREQ       ; 25000000 ; Signed Integer                      ;
; BPS_CONS       ; 115200   ; Signed Integer                      ;
; BPS_DIV        ; 217      ; Signed Integer                      ;
; BPS_DIV_HALF   ; 108      ; Signed Integer                      ;
+----------------+----------+-------------------------------------+
Note: In order to hide this table in the UI and the text report file, please set the "Show Parameter Settings in Synthesis Report" option in "Analysis and Synthesis Settings -> More Settings" to "Off".


+----------------------------------------------------------------------------------------+
; altsyncram Parameter Settings by Entity Instance                                       ;
+-------------------------------------------+--------------------------------------------+
; Name                                      ; Value                                      ;
+-------------------------------------------+--------------------------------------------+
; Number of entity instances                ; 1                                          ;
; Entity Instance                           ; myrom:uut3|altsyncram:altsyncram_component ;
;     -- OPERATION_MODE                     ; ROM                                        ;
;     -- WIDTH_A                            ; 8                                          ;
;     -- NUMWORDS_A                         ; 768                                        ;
;     -- OUTDATA_REG_A                      ; UNREGISTERED                               ;
;     -- WIDTH_B                            ; 1                                          ;
;     -- NUMWORDS_B                         ; 1                                          ;
;     -- ADDRESS_REG_B                      ; CLOCK1                                     ;
;     -- OUTDATA_REG_B                      ; UNREGISTERED                               ;
;     -- RAM_BLOCK_TYPE                     ; AUTO                                       ;
;     -- READ_DURING_WRITE_MODE_MIXED_PORTS ; DONT_CARE                                  ;
+-------------------------------------------+--------------------------------------------+


+-----------------------------------------------------+
; Post-Synthesis Netlist Statistics for Top Partition ;
+-----------------------+-----------------------------+
; Type                  ; Count                       ;
+-----------------------+-----------------------------+
; boundary_port         ; 6                           ;
; cycloneiii_ff         ; 70                          ;
;     CLR               ; 57                          ;
;     CLR SCLR          ; 13                          ;
; cycloneiii_lcell_comb ; 104                         ;
;     arith             ; 45                          ;
;         2 data inputs ; 45                          ;
;     normal            ; 59                          ;
;         1 data inputs ; 4                           ;
;         2 data inputs ; 11                          ;
;         3 data inputs ; 5                           ;
;         4 data inputs ; 39                          ;
; cycloneiii_ram_block  ; 8                           ;
;                       ;                             ;
; Max LUT depth         ; 4.00                        ;
; Average LUT depth     ; 2.48                        ;
+-----------------------+-----------------------------+


+-------------------------------+
; Elapsed Time Per Partition    ;
+----------------+--------------+
; Partition Name ; Elapsed Time ;
+----------------+--------------+
; Top            ; 00:00:00     ;
+----------------+--------------+


+-------------------------------+
; Analysis & Synthesis Messages ;
+-------------------------------+
Info: *******************************************************************
Info: Running Quartus Prime Analysis & Synthesis
    Info: Version 20.1.1 Build 720 11/11/2020 SJ Lite Edition
    Info: Processing started: Wed Nov 29 19:18:22 2023
Info: Command: quartus_map --read_settings_files=on --write_settings_files=off homework -c homework
Warning (18236): Number of processors has not been specified which may cause overloading on shared machines.  Set the global assignment NUM_PARALLEL_PROCESSORS in your QSF to an appropriate value for best performance.
Info (20030): Parallel compilation is enabled and will use 16 of the 16 processors detected
Info (12021): Found 5 design units, including 5 entities, in source file uart_top.v
    Info (12023): Found entity 1: uart_transmit File: G:/software/FPGA/workplace/yfr/uart_transmit.v Line: 1
    Info (12023): Found entity 2: uart_fre_div File: G:/software/FPGA/workplace/yfr/uart_fre_div.v Line: 2
    Info (12023): Found entity 3: addr_tx_en File: G:/software/FPGA/workplace/yfr/addr_tx_en.v Line: 1
    Info (12023): Found entity 4: myrom File: G:/software/FPGA/workplace/yfr/myrom.v Line: 40
    Info (12023): Found entity 5: uart_top File: G:/software/FPGA/workplace/yfr/uart_top.v Line: 6
Info (12127): Elaborating entity "uart_top" for the top level hierarchy
Info (12128): Elaborating entity "uart_fre_div" for hierarchy "uart_fre_div:uut1" File: G:/software/FPGA/workplace/yfr/uart_top.v Line: 18
Info (12128): Elaborating entity "addr_tx_en" for hierarchy "addr_tx_en:uut2" File: G:/software/FPGA/workplace/yfr/uart_top.v Line: 29
Warning (10230): Verilog HDL assignment warning at addr_tx_en.v(19): truncated value with size 32 to match size of target (10) File: G:/software/FPGA/workplace/yfr/addr_tx_en.v Line: 19
Info (12128): Elaborating entity "myrom" for hierarchy "myrom:uut3" File: G:/software/FPGA/workplace/yfr/uart_top.v Line: 36
Info (12128): Elaborating entity "altsyncram" for hierarchy "myrom:uut3|altsyncram:altsyncram_component" File: G:/software/FPGA/workplace/yfr/myrom.v Line: 82
Info (12130): Elaborated megafunction instantiation "myrom:uut3|altsyncram:altsyncram_component" File: G:/software/FPGA/workplace/yfr/myrom.v Line: 82
Info (12133): Instantiated megafunction "myrom:uut3|altsyncram:altsyncram_component" with the following parameter: File: G:/software/FPGA/workplace/yfr/myrom.v Line: 82
    Info (12134): Parameter "address_aclr_a" = "NONE"
    Info (12134): Parameter "clock_enable_input_a" = "BYPASS"
    Info (12134): Parameter "clock_enable_output_a" = "BYPASS"
    Info (12134): Parameter "init_file" = "../week10/matlabworkplace/final_waveforms.mif"
    Info (12134): Parameter "intended_device_family" = "Cyclone 10 LP"
    Info (12134): Parameter "lpm_hint" = "ENABLE_RUNTIME_MOD=NO"
    Info (12134): Parameter "lpm_type" = "altsyncram"
    Info (12134): Parameter "numwords_a" = "768"
    Info (12134): Parameter "operation_mode" = "ROM"
    Info (12134): Parameter "outdata_aclr_a" = "NONE"
    Info (12134): Parameter "outdata_reg_a" = "UNREGISTERED"
    Info (12134): Parameter "widthad_a" = "10"
    Info (12134): Parameter "width_a" = "8"
    Info (12134): Parameter "width_byteena_a" = "1"
Info (12021): Found 1 design units, including 1 entities, in source file db/altsyncram_h7d1.tdf
    Info (12023): Found entity 1: altsyncram_h7d1 File: G:/software/FPGA/workplace/yfr/db/altsyncram_h7d1.tdf Line: 28
Info (12128): Elaborating entity "altsyncram_h7d1" for hierarchy "myrom:uut3|altsyncram:altsyncram_component|altsyncram_h7d1:auto_generated" File: g:/software/fpga/tools/quartus/libraries/megafunctions/altsyncram.tdf Line: 792
Info (12128): Elaborating entity "uart_transmit" for hierarchy "uart_transmit:uut4" File: G:/software/FPGA/workplace/yfr/uart_top.v Line: 44
Info (13000): Registers with preset signals will power-up high File: G:/software/FPGA/workplace/yfr/uart_transmit.v Line: 5
Info (13003): DEV_CLRn pin will set, and not reset, register with preset signal due to NOT Gate Push-Back
Info (286030): Timing-Driven Synthesis is running
Info (144001): Generated suppressed messages file G:/software/FPGA/workplace/yfr/output_files/homework.map.smsg
Info (16010): Generating hard_block partition "hard_block:auto_generated_inst"
    Info (16011): Adding 0 node(s), including 0 DDIO, 0 PLL, 0 transceiver and 0 LCELL
Info (21057): Implemented 120 device resources after synthesis - the final resource count might be different
    Info (21058): Implemented 5 input pins
    Info (21059): Implemented 1 output pins
    Info (21061): Implemented 106 logic cells
    Info (21064): Implemented 8 RAM segments
Info: Quartus Prime Analysis & Synthesis was successful. 0 errors, 2 warnings
    Info: Peak virtual memory: 4825 megabytes
    Info: Processing ended: Wed Nov 29 19:18:33 2023
    Info: Elapsed time: 00:00:11
    Info: Total CPU time (on all processors): 00:00:10


+------------------------------------------+
; Analysis & Synthesis Suppressed Messages ;
+------------------------------------------+
The suppressed messages can be found in G:/software/FPGA/workplace/yfr/output_files/homework.map.smsg.


