#! /c/Source/iverilog-install/bin/vvp
:ivl_version "12.0 (devel)" "(s20150603-1539-g2693dd32b)";
:ivl_delay_selection "TYPICAL";
:vpi_time_precision - 12;
:vpi_module "G:\software\FPGA\iverilog\lib\ivl\system.vpi";
:vpi_module "G:\software\FPGA\iverilog\lib\ivl\vhdl_sys.vpi";
:vpi_module "G:\software\FPGA\iverilog\lib\ivl\vhdl_textio.vpi";
:vpi_module "G:\software\FPGA\iverilog\lib\ivl\v2005_math.vpi";
:vpi_module "G:\software\FPGA\iverilog\lib\ivl\va_math.vpi";
S_000001c18c8a4a40 .scope module, "tb_task1_2_top" "tb_task1_2_top" 2 5;
 .timescale -9 -12;
P_000001c18c8e9a50 .param/l "PERIOD" 0 2 8, +C4<00000000000000000000000000001010>;
v000001c18c94c960_0 .var "clk", 0 0;
v000001c18c94b920_0 .net "digit", 3 0, v000001c18c8f4890_0;  1 drivers
v000001c18c94b060_0 .net "hl", 3 0, v000001c18c8f4930_0;  1 drivers
v000001c18c94bec0_0 .var "rst", 0 0;
v000001c18c94c640_0 .net "seg", 7 0, v000001c18c8f49d0_0;  1 drivers
v000001c18c94ca00_0 .var "vl", 3 0;
S_000001c18c8f1000 .scope module, "u_task1_2_top" "task1_2_top" 2 20, 3 3 0, S_000001c18c8a4a40;
 .timescale -9 -12;
    .port_info 0 /INPUT 1 "clk";
    .port_info 1 /INPUT 1 "rst";
    .port_info 2 /INPUT 4 "vl";
    .port_info 3 /OUTPUT 4 "hl";
    .port_info 4 /OUTPUT 4 "digit";
    .port_info 5 /OUTPUT 8 "seg";
v000001c18c94c000_0 .net "clk", 0 0, v000001c18c94c960_0;  1 drivers
v000001c18c94cf00_0 .net "clk_div_out", 0 0, v000001c18c8f4750_0;  1 drivers
v000001c18c94b600_0 .net "clk_div_out1", 0 0, v000001c18c8f3d50_0;  1 drivers
v000001c18c94c8c0_0 .net "digit", 3 0, v000001c18c8f4890_0;  alias, 1 drivers
v000001c18c94be20_0 .net "hl", 3 0, v000001c18c8f4930_0;  alias, 1 drivers
v000001c18c94b560_0 .net "rst", 0 0, v000001c18c94bec0_0;  1 drivers
v000001c18c94c1e0_0 .net "seg", 7 0, v000001c18c8f49d0_0;  alias, 1 drivers
v000001c18c94b100_0 .net "vl", 3 0, v000001c18c94ca00_0;  1 drivers
S_000001c18c8f1190 .scope module, "uut_fre_div" "my_key_fre_div" 3 14, 4 4 0, S_000001c18c8f1000;
 .timescale -9 -12;
    .port_info 0 /INPUT 1 "clk";
    .port_info 1 /INPUT 1 "rst";
    .port_info 2 /OUTPUT 1 "clk_div_out";
    .port_info 3 /OUTPUT 1 "clk_div_out1";
v000001c18c8f44d0_0 .net "clk", 0 0, v000001c18c94c960_0;  alias, 1 drivers
v000001c18c8f4750_0 .var "clk_div_out", 0 0;
v000001c18c8f3d50_0 .var "clk_div_out1", 0 0;
v000001c18c8f3cb0_0 .var "div_cnt", 31 0;
v000001c18c8f47f0_0 .var "div_cnt1", 31 0;
v000001c18c8f41b0_0 .net "rst", 0 0, v000001c18c94bec0_0;  alias, 1 drivers
E_000001c18c8e9990 .event posedge, v000001c18c8f41b0_0, v000001c18c8f44d0_0;
S_000001c18c8db5e0 .scope module, "uut_my_key_seg" "my_key_seg1" 3 21, 5 2 0, S_000001c18c8f1000;
 .timescale -9 -12;
    .port_info 0 /INPUT 1 "clk";
    .port_info 1 /INPUT 1 "clk1";
    .port_info 2 /INPUT 1 "rst";
    .port_info 3 /INPUT 4 "vl";
    .port_info 4 /OUTPUT 4 "hl";
    .port_info 5 /OUTPUT 4 "digit";
    .port_info 6 /OUTPUT 8 "seg";
P_000001c18c8db770 .param/l "ADD_OPERATOR" 0 5 97, C4<00100>;
P_000001c18c8db7a8 .param/l "AND_OPERATOR" 0 5 96, C4<00010>;
P_000001c18c8db7e0 .param/l "COMPARE_OPERATOR" 0 5 99, C4<10000>;
P_000001c18c8db818 .param/l "EQUAL" 0 5 189, C4<100>;
P_000001c18c8db850 .param/l "FIRST" 0 5 91, C4<001>;
P_000001c18c8db888 .param/l "NUMBER" 0 5 187, C4<001>;
P_000001c18c8db8c0 .param/l "OPERATOR" 0 5 188, C4<010>;
P_000001c18c8db8f8 .param/l "OR_OPERATOR" 0 5 95, C4<00001>;
P_000001c18c8db930 .param/l "RESULT" 0 5 93, C4<100>;
P_000001c18c8db968 .param/l "SECOND" 0 5 92, C4<010>;
P_000001c18c8db9a0 .param/l "SUB_OPERATOR" 0 5 98, C4<01000>;
v000001c18c8f3f30_0 .var "FSM_state", 2 0;
v000001c18c8f4250_0 .net "clk", 0 0, v000001c18c8f4750_0;  alias, 1 drivers
v000001c18c8f3e90_0 .net "clk1", 0 0, v000001c18c8f3d50_0;  alias, 1 drivers
v000001c18c8f4390_0 .var "data", 15 0;
v000001c18c8f3ad0_0 .var "data_temp", 3 0;
v000001c18c8f4890_0 .var "digit", 3 0;
v000001c18c8f3c10_0 .var "first_num", 11 0;
v000001c18c8f4930_0 .var "hl", 3 0;
v000001c18c8f3fd0_0 .net "hl_vl", 7 0, L_000001c18c94b6a0;  1 drivers
v000001c18c8f3df0_0 .var "input_temp", 4 0;
v000001c18c8f4070_0 .var "input_type", 2 0;
v000001c18c8f4110_0 .var "operator", 4 0;
v000001c18c8f42f0_0 .var "result", 15 0;
v000001c18c8f4430_0 .net "rst", 0 0, v000001c18c94bec0_0;  alias, 1 drivers
v000001c18c8f4570_0 .var "second_num", 11 0;
v000001c18c8f49d0_0 .var "seg", 7 0;
v000001c18c8f4610_0 .var "state", 1 0;
v000001c18c8f3b70_0 .var "state1", 1 0;
v000001c18c8f46b0_0 .net "vl", 3 0, v000001c18c94ca00_0;  alias, 1 drivers
E_000001c18c8e9610 .event posedge, v000001c18c8f41b0_0, v000001c18c8f3d50_0;
E_000001c18c8e9e50 .event posedge, v000001c18c8f41b0_0, v000001c18c8f4750_0;
L_000001c18c94b6a0 .concat [ 4 4 0 0], v000001c18c94ca00_0, v000001c18c8f4930_0;
    .scope S_000001c18c8f1190;
T_0 ;
    %wait E_000001c18c8e9990;
    %load/vec4 v000001c18c8f41b0_0;
    %flag_set/vec4 8;
    %jmp/0xz  T_0.0, 8;
    %pushi/vec4 0, 0, 32;
    %assign/vec4 v000001c18c8f3cb0_0, 0;
    %pushi/vec4 0, 0, 1;
    %assign/vec4 v000001c18c8f4750_0, 0;
    %jmp T_0.1;
T_0.0 ;
    %load/vec4 v000001c18c8f3cb0_0;
    %cmpi/e 9, 0, 32;
    %jmp/0xz  T_0.2, 4;
    %load/vec4 v000001c18c8f4750_0;
    %inv;
    %assign/vec4 v000001c18c8f4750_0, 0;
    %pushi/vec4 0, 0, 32;
    %assign/vec4 v000001c18c8f3cb0_0, 0;
    %jmp T_0.3;
T_0.2 ;
    %load/vec4 v000001c18c8f3cb0_0;
    %addi 1, 0, 32;
    %assign/vec4 v000001c18c8f3cb0_0, 0;
T_0.3 ;
T_0.1 ;
    %jmp T_0;
    .thread T_0;
    .scope S_000001c18c8f1190;
T_1 ;
    %wait E_000001c18c8e9990;
    %load/vec4 v000001c18c8f41b0_0;
    %flag_set/vec4 8;
    %jmp/0xz  T_1.0, 8;
    %pushi/vec4 0, 0, 32;
    %assign/vec4 v000001c18c8f47f0_0, 0;
    %pushi/vec4 0, 0, 1;
    %assign/vec4 v000001c18c8f3d50_0, 0;
    %jmp T_1.1;
T_1.0 ;
    %load/vec4 v000001c18c8f47f0_0;
    %cmpi/e 24, 0, 32;
    %jmp/0xz  T_1.2, 4;
    %load/vec4 v000001c18c8f3d50_0;
    %inv;
    %assign/vec4 v000001c18c8f3d50_0, 0;
    %pushi/vec4 0, 0, 32;
    %assign/vec4 v000001c18c8f47f0_0, 0;
    %jmp T_1.3;
T_1.2 ;
    %load/vec4 v000001c18c8f47f0_0;
    %addi 1, 0, 32;
    %assign/vec4 v000001c18c8f47f0_0, 0;
T_1.3 ;
T_1.1 ;
    %jmp T_1;
    .thread T_1;
    .scope S_000001c18c8db5e0;
T_2 ;
    %wait E_000001c18c8e9610;
    %load/vec4 v000001c18c8f4430_0;
    %flag_set/vec4 8;
    %jmp/0xz  T_2.0, 8;
    %pushi/vec4 15, 0, 4;
    %store/vec4 v000001c18c8f4890_0, 0, 4;
    %pushi/vec4 0, 0, 2;
    %store/vec4 v000001c18c8f3b70_0, 0, 2;
    %pushi/vec4 0, 0, 4;
    %store/vec4 v000001c18c8f3ad0_0, 0, 4;
    %jmp T_2.1;
T_2.0 ;
    %load/vec4 v000001c18c8f3b70_0;
    %dup/vec4;
    %pushi/vec4 0, 0, 2;
    %cmp/u;
    %jmp/1 T_2.2, 6;
    %dup/vec4;
    %pushi/vec4 1, 0, 2;
    %cmp/u;
    %jmp/1 T_2.3, 6;
    %dup/vec4;
    %pushi/vec4 2, 0, 2;
    %cmp/u;
    %jmp/1 T_2.4, 6;
    %dup/vec4;
    %pushi/vec4 3, 0, 2;
    %cmp/u;
    %jmp/1 T_2.5, 6;
    %pushi/vec4 15, 0, 4;
    %store/vec4 v000001c18c8f4890_0, 0, 4;
    %pushi/vec4 0, 0, 2;
    %store/vec4 v000001c18c8f3b70_0, 0, 2;
    %pushi/vec4 0, 0, 4;
    %store/vec4 v000001c18c8f3ad0_0, 0, 4;
    %jmp T_2.7;
T_2.2 ;
    %load/vec4 v000001c18c8f4390_0;
    %parti/s 4, 4, 4;
    %store/vec4 v000001c18c8f3ad0_0, 0, 4;
    %pushi/vec4 14, 0, 4;
    %store/vec4 v000001c18c8f4890_0, 0, 4;
    %pushi/vec4 1, 0, 2;
    %store/vec4 v000001c18c8f3b70_0, 0, 2;
    %jmp T_2.7;
T_2.3 ;
    %load/vec4 v000001c18c8f4390_0;
    %parti/s 4, 8, 5;
    %store/vec4 v000001c18c8f3ad0_0, 0, 4;
    %pushi/vec4 13, 0, 4;
    %store/vec4 v000001c18c8f4890_0, 0, 4;
    %pushi/vec4 2, 0, 2;
    %store/vec4 v000001c18c8f3b70_0, 0, 2;
    %jmp T_2.7;
T_2.4 ;
    %load/vec4 v000001c18c8f4390_0;
    %parti/s 4, 12, 5;
    %store/vec4 v000001c18c8f3ad0_0, 0, 4;
    %pushi/vec4 11, 0, 4;
    %store/vec4 v000001c18c8f4890_0, 0, 4;
    %pushi/vec4 3, 0, 2;
    %store/vec4 v000001c18c8f3b70_0, 0, 2;
    %jmp T_2.7;
T_2.5 ;
    %load/vec4 v000001c18c8f4390_0;
    %parti/s 4, 0, 2;
    %store/vec4 v000001c18c8f3ad0_0, 0, 4;
    %pushi/vec4 7, 0, 4;
    %store/vec4 v000001c18c8f4890_0, 0, 4;
    %pushi/vec4 0, 0, 2;
    %store/vec4 v000001c18c8f3b70_0, 0, 2;
    %jmp T_2.7;
T_2.7 ;
    %pop/vec4 1;
T_2.1 ;
    %jmp T_2;
    .thread T_2;
    .scope S_000001c18c8db5e0;
T_3 ;
    %wait E_000001c18c8e9e50;
    %load/vec4 v000001c18c8f4430_0;
    %flag_set/vec4 8;
    %jmp/0xz  T_3.0, 8;
    %pushi/vec4 0, 0, 2;
    %assign/vec4 v000001c18c8f4610_0, 0;
    %pushi/vec4 15, 0, 4;
    %assign/vec4 v000001c18c8f4930_0, 0;
    %jmp T_3.1;
T_3.0 ;
    %load/vec4 v000001c18c8f4610_0;
    %dup/vec4;
    %pushi/vec4 0, 0, 2;
    %cmp/u;
    %jmp/1 T_3.2, 6;
    %dup/vec4;
    %pushi/vec4 1, 0, 2;
    %cmp/u;
    %jmp/1 T_3.3, 6;
    %dup/vec4;
    %pushi/vec4 2, 0, 2;
    %cmp/u;
    %jmp/1 T_3.4, 6;
    %dup/vec4;
    %pushi/vec4 3, 0, 2;
    %cmp/u;
    %jmp/1 T_3.5, 6;
    %pushi/vec4 15, 0, 4;
    %assign/vec4 v000001c18c8f4930_0, 0;
    %pushi/vec4 0, 0, 2;
    %assign/vec4 v000001c18c8f4610_0, 0;
    %jmp T_3.7;
T_3.2 ;
    %pushi/vec4 14, 0, 4;
    %assign/vec4 v000001c18c8f4930_0, 0;
    %pushi/vec4 1, 0, 2;
    %assign/vec4 v000001c18c8f4610_0, 0;
    %jmp T_3.7;
T_3.3 ;
    %pushi/vec4 13, 0, 4;
    %assign/vec4 v000001c18c8f4930_0, 0;
    %pushi/vec4 2, 0, 2;
    %assign/vec4 v000001c18c8f4610_0, 0;
    %jmp T_3.7;
T_3.4 ;
    %pushi/vec4 11, 0, 4;
    %assign/vec4 v000001c18c8f4930_0, 0;
    %pushi/vec4 3, 0, 2;
    %assign/vec4 v000001c18c8f4610_0, 0;
    %jmp T_3.7;
T_3.5 ;
    %pushi/vec4 7, 0, 4;
    %assign/vec4 v000001c18c8f4930_0, 0;
    %pushi/vec4 0, 0, 2;
    %assign/vec4 v000001c18c8f4610_0, 0;
    %jmp T_3.7;
T_3.7 ;
    %pop/vec4 1;
T_3.1 ;
    %jmp T_3;
    .thread T_3;
    .scope S_000001c18c8db5e0;
T_4 ;
    %wait E_000001c18c8e9e50;
    %load/vec4 v000001c18c8f4430_0;
    %flag_set/vec4 8;
    %jmp/0xz  T_4.0, 8;
    %pushi/vec4 1, 0, 3;
    %assign/vec4 v000001c18c8f3f30_0, 0;
    %pushi/vec4 0, 0, 5;
    %assign/vec4 v000001c18c8f4110_0, 0;
    %pushi/vec4 0, 0, 12;
    %assign/vec4 v000001c18c8f3c10_0, 0;
    %pushi/vec4 0, 0, 12;
    %assign/vec4 v000001c18c8f4570_0, 0;
    %jmp T_4.1;
T_4.0 ;
    %load/vec4 v000001c18c8f3f30_0;
    %dup/vec4;
    %pushi/vec4 1, 0, 3;
    %cmp/u;
    %jmp/1 T_4.2, 6;
    %dup/vec4;
    %pushi/vec4 2, 0, 3;
    %cmp/u;
    %jmp/1 T_4.3, 6;
    %dup/vec4;
    %pushi/vec4 4, 0, 3;
    %cmp/u;
    %jmp/1 T_4.4, 6;
    %pushi/vec4 1, 0, 3;
    %assign/vec4 v000001c18c8f3f30_0, 0;
    %jmp T_4.6;
T_4.2 ;
    %load/vec4 v000001c18c8f4070_0;
    %cmpi/e 1, 0, 3;
    %jmp/0xz  T_4.7, 4;
    %load/vec4 v000001c18c8f3c10_0;
    %parti/s 8, 0, 2;
    %load/vec4 v000001c18c8f3df0_0;
    %parti/s 4, 0, 2;
    %concat/vec4; draw_concat_vec4
    %assign/vec4 v000001c18c8f3c10_0, 0;
    %pushi/vec4 1, 0, 3;
    %assign/vec4 v000001c18c8f3f30_0, 0;
    %jmp T_4.8;
T_4.7 ;
    %load/vec4 v000001c18c8f4070_0;
    %cmpi/e 2, 0, 3;
    %jmp/0xz  T_4.9, 4;
    %load/vec4 v000001c18c8f3df0_0;
    %assign/vec4 v000001c18c8f4110_0, 0;
    %pushi/vec4 2, 0, 3;
    %assign/vec4 v000001c18c8f3f30_0, 0;
    %jmp T_4.10;
T_4.9 ;
    %pushi/vec4 1, 0, 3;
    %assign/vec4 v000001c18c8f3f30_0, 0;
T_4.10 ;
T_4.8 ;
    %jmp T_4.6;
T_4.3 ;
    %load/vec4 v000001c18c8f4070_0;
    %cmpi/e 1, 0, 3;
    %jmp/0xz  T_4.11, 4;
    %load/vec4 v000001c18c8f4570_0;
    %parti/s 8, 0, 2;
    %load/vec4 v000001c18c8f3df0_0;
    %parti/s 4, 0, 2;
    %concat/vec4; draw_concat_vec4
    %assign/vec4 v000001c18c8f4570_0, 0;
    %pushi/vec4 2, 0, 3;
    %assign/vec4 v000001c18c8f3f30_0, 0;
    %jmp T_4.12;
T_4.11 ;
    %load/vec4 v000001c18c8f4070_0;
    %cmpi/e 4, 0, 3;
    %jmp/0xz  T_4.13, 4;
    %pushi/vec4 4, 0, 3;
    %assign/vec4 v000001c18c8f3f30_0, 0;
    %jmp T_4.14;
T_4.13 ;
    %pushi/vec4 2, 0, 3;
    %assign/vec4 v000001c18c8f3f30_0, 0;
T_4.14 ;
T_4.12 ;
    %jmp T_4.6;
T_4.4 ;
    %load/vec4 v000001c18c8f4110_0;
    %dup/vec4;
    %pushi/vec4 1, 0, 5;
    %cmp/u;
    %jmp/1 T_4.15, 6;
    %dup/vec4;
    %pushi/vec4 2, 0, 5;
    %cmp/u;
    %jmp/1 T_4.16, 6;
    %dup/vec4;
    %pushi/vec4 4, 0, 5;
    %cmp/u;
    %jmp/1 T_4.17, 6;
    %dup/vec4;
    %pushi/vec4 8, 0, 5;
    %cmp/u;
    %jmp/1 T_4.18, 6;
    %dup/vec4;
    %pushi/vec4 16, 0, 5;
    %cmp/u;
    %jmp/1 T_4.19, 6;
    %pushi/vec4 0, 0, 16;
    %assign/vec4 v000001c18c8f42f0_0, 0;
    %pushi/vec4 4, 0, 3;
    %assign/vec4 v000001c18c8f3f30_0, 0;
    %jmp T_4.21;
T_4.15 ;
    %load/vec4 v000001c18c8f3c10_0;
    %pad/u 16;
    %load/vec4 v000001c18c8f4570_0;
    %pad/u 16;
    %or;
    %assign/vec4 v000001c18c8f42f0_0, 0;
    %pushi/vec4 4, 0, 3;
    %assign/vec4 v000001c18c8f3f30_0, 0;
    %jmp T_4.21;
T_4.16 ;
    %load/vec4 v000001c18c8f3c10_0;
    %pad/u 16;
    %load/vec4 v000001c18c8f4570_0;
    %pad/u 16;
    %and;
    %assign/vec4 v000001c18c8f42f0_0, 0;
    %pushi/vec4 4, 0, 3;
    %assign/vec4 v000001c18c8f3f30_0, 0;
    %jmp T_4.21;
T_4.17 ;
    %load/vec4 v000001c18c8f3c10_0;
    %parti/s 4, 0, 2;
    %pad/u 32;
    %load/vec4 v000001c18c8f4570_0;
    %parti/s 4, 0, 2;
    %pad/u 32;
    %add;
    %pushi/vec4 10, 0, 32;
    %mod;
    %pad/u 4;
    %ix/load 4, 0, 0;
    %ix/load 5, 0, 0;
    %flag_set/imm 4, 0;
    %assign/vec4/off/d v000001c18c8f42f0_0, 4, 5;
    %load/vec4 v000001c18c8f3c10_0;
    %parti/s 4, 4, 4;
    %pad/u 32;
    %load/vec4 v000001c18c8f4570_0;
    %parti/s 4, 4, 4;
    %pad/u 32;
    %add;
    %load/vec4 v000001c18c8f3c10_0;
    %parti/s 4, 0, 2;
    %pad/u 32;
    %load/vec4 v000001c18c8f4570_0;
    %parti/s 4, 0, 2;
    %pad/u 32;
    %add;
    %pushi/vec4 10, 0, 32;
    %div;
    %add;
    %pushi/vec4 10, 0, 32;
    %mod;
    %pad/u 4;
    %ix/load 4, 4, 0;
    %ix/load 5, 0, 0;
    %flag_set/imm 4, 0;
    %assign/vec4/off/d v000001c18c8f42f0_0, 4, 5;
    %load/vec4 v000001c18c8f3c10_0;
    %parti/s 4, 8, 5;
    %pad/u 32;
    %load/vec4 v000001c18c8f4570_0;
    %parti/s 4, 8, 5;
    %pad/u 32;
    %add;
    %load/vec4 v000001c18c8f3c10_0;
    %parti/s 4, 4, 4;
    %pad/u 32;
    %load/vec4 v000001c18c8f4570_0;
    %parti/s 4, 4, 4;
    %pad/u 32;
    %add;
    %load/vec4 v000001c18c8f3c10_0;
    %parti/s 4, 0, 2;
    %pad/u 32;
    %load/vec4 v000001c18c8f4570_0;
    %parti/s 4, 0, 2;
    %pad/u 32;
    %add;
    %pushi/vec4 10, 0, 32;
    %div;
    %add;
    %pushi/vec4 10, 0, 32;
    %div;
    %add;
    %pushi/vec4 10, 0, 32;
    %mod;
    %pad/u 4;
    %ix/load 4, 8, 0;
    %ix/load 5, 0, 0;
    %flag_set/imm 4, 0;
    %assign/vec4/off/d v000001c18c8f42f0_0, 4, 5;
    %load/vec4 v000001c18c8f3c10_0;
    %parti/s 4, 8, 5;
    %pad/u 32;
    %load/vec4 v000001c18c8f4570_0;
    %parti/s 4, 8, 5;
    %pad/u 32;
    %add;
    %load/vec4 v000001c18c8f3c10_0;
    %parti/s 4, 4, 4;
    %pad/u 32;
    %load/vec4 v000001c18c8f4570_0;
    %parti/s 4, 4, 4;
    %pad/u 32;
    %add;
    %load/vec4 v000001c18c8f3c10_0;
    %parti/s 4, 0, 2;
    %pad/u 32;
    %load/vec4 v000001c18c8f4570_0;
    %parti/s 4, 0, 2;
    %pad/u 32;
    %add;
    %pushi/vec4 10, 0, 32;
    %div;
    %add;
    %pushi/vec4 10, 0, 32;
    %div;
    %add;
    %pushi/vec4 10, 0, 32;
    %div;
    %pad/u 4;
    %ix/load 4, 12, 0;
    %ix/load 5, 0, 0;
    %flag_set/imm 4, 0;
    %assign/vec4/off/d v000001c18c8f42f0_0, 4, 5;
    %pushi/vec4 4, 0, 3;
    %assign/vec4 v000001c18c8f3f30_0, 0;
    %jmp T_4.21;
T_4.18 ;
    %load/vec4 v000001c18c8f3c10_0;
    %parti/s 4, 0, 2;
    %pad/u 32;
    %load/vec4 v000001c18c8f4570_0;
    %parti/s 4, 0, 2;
    %pad/u 32;
    %sub;
    %pushi/vec4 10, 0, 32;
    %mod;
    %pad/u 4;
    %ix/load 4, 0, 0;
    %ix/load 5, 0, 0;
    %flag_set/imm 4, 0;
    %assign/vec4/off/d v000001c18c8f42f0_0, 4, 5;
    %load/vec4 v000001c18c8f3c10_0;
    %parti/s 4, 4, 4;
    %pad/u 32;
    %load/vec4 v000001c18c8f4570_0;
    %parti/s 4, 4, 4;
    %pad/u 32;
    %sub;
    %load/vec4 v000001c18c8f3c10_0;
    %parti/s 4, 0, 2;
    %pad/u 32;
    %load/vec4 v000001c18c8f4570_0;
    %parti/s 4, 0, 2;
    %pad/u 32;
    %sub;
    %pushi/vec4 10, 0, 32;
    %div;
    %add;
    %pushi/vec4 10, 0, 32;
    %mod;
    %pad/u 4;
    %ix/load 4, 4, 0;
    %ix/load 5, 0, 0;
    %flag_set/imm 4, 0;
    %assign/vec4/off/d v000001c18c8f42f0_0, 4, 5;
    %load/vec4 v000001c18c8f3c10_0;
    %parti/s 4, 8, 5;
    %pad/u 32;
    %load/vec4 v000001c18c8f4570_0;
    %parti/s 4, 8, 5;
    %pad/u 32;
    %sub;
    %load/vec4 v000001c18c8f3c10_0;
    %parti/s 4, 4, 4;
    %pad/u 32;
    %load/vec4 v000001c18c8f4570_0;
    %parti/s 4, 4, 4;
    %pad/u 32;
    %sub;
    %load/vec4 v000001c18c8f3c10_0;
    %parti/s 4, 0, 2;
    %pad/u 32;
    %load/vec4 v000001c18c8f4570_0;
    %parti/s 4, 0, 2;
    %pad/u 32;
    %sub;
    %pushi/vec4 10, 0, 32;
    %div;
    %add;
    %pushi/vec4 10, 0, 32;
    %div;
    %add;
    %pushi/vec4 10, 0, 32;
    %mod;
    %pad/u 4;
    %ix/load 4, 8, 0;
    %ix/load 5, 0, 0;
    %flag_set/imm 4, 0;
    %assign/vec4/off/d v000001c18c8f42f0_0, 4, 5;
    %load/vec4 v000001c18c8f3c10_0;
    %parti/s 4, 8, 5;
    %pad/u 32;
    %load/vec4 v000001c18c8f4570_0;
    %parti/s 4, 8, 5;
    %pad/u 32;
    %sub;
    %load/vec4 v000001c18c8f3c10_0;
    %parti/s 4, 4, 4;
    %pad/u 32;
    %load/vec4 v000001c18c8f4570_0;
    %parti/s 4, 4, 4;
    %pad/u 32;
    %sub;
    %load/vec4 v000001c18c8f3c10_0;
    %parti/s 4, 0, 2;
    %pad/u 32;
    %load/vec4 v000001c18c8f4570_0;
    %parti/s 4, 0, 2;
    %pad/u 32;
    %sub;
    %pushi/vec4 10, 0, 32;
    %div;
    %add;
    %pushi/vec4 10, 0, 32;
    %div;
    %add;
    %pushi/vec4 10, 0, 32;
    %div;
    %pad/u 4;
    %ix/load 4, 12, 0;
    %ix/load 5, 0, 0;
    %flag_set/imm 4, 0;
    %assign/vec4/off/d v000001c18c8f42f0_0, 4, 5;
    %pushi/vec4 4, 0, 3;
    %assign/vec4 v000001c18c8f3f30_0, 0;
    %jmp T_4.21;
T_4.19 ;
    %load/vec4 v000001c18c8f4570_0;
    %load/vec4 v000001c18c8f3c10_0;
    %cmp/u;
    %jmp/0xz  T_4.22, 5;
    %pushi/vec4 1, 0, 16;
    %assign/vec4 v000001c18c8f42f0_0, 0;
    %jmp T_4.23;
T_4.22 ;
    %pushi/vec4 0, 0, 16;
    %assign/vec4 v000001c18c8f42f0_0, 0;
T_4.23 ;
    %pushi/vec4 4, 0, 3;
    %assign/vec4 v000001c18c8f3f30_0, 0;
    %jmp T_4.21;
T_4.21 ;
    %pop/vec4 1;
    %jmp T_4.6;
T_4.6 ;
    %pop/vec4 1;
T_4.1 ;
    %jmp T_4;
    .thread T_4;
    .scope S_000001c18c8db5e0;
T_5 ;
    %wait E_000001c18c8e9e50;
    %load/vec4 v000001c18c8f4430_0;
    %flag_set/vec4 8;
    %jmp/0xz  T_5.0, 8;
    %pushi/vec4 0, 0, 3;
    %assign/vec4 v000001c18c8f4070_0, 0;
    %pushi/vec4 0, 0, 5;
    %assign/vec4 v000001c18c8f3df0_0, 0;
    %jmp T_5.1;
T_5.0 ;
    %load/vec4 v000001c18c8f3fd0_0;
    %dup/vec4;
    %pushi/vec4 119, 0, 8;
    %cmp/u;
    %jmp/1 T_5.2, 6;
    %dup/vec4;
    %pushi/vec4 183, 0, 8;
    %cmp/u;
    %jmp/1 T_5.3, 6;
    %dup/vec4;
    %pushi/vec4 215, 0, 8;
    %cmp/u;
    %jmp/1 T_5.4, 6;
    %dup/vec4;
    %pushi/vec4 231, 0, 8;
    %cmp/u;
    %jmp/1 T_5.5, 6;
    %dup/vec4;
    %pushi/vec4 123, 0, 8;
    %cmp/u;
    %jmp/1 T_5.6, 6;
    %dup/vec4;
    %pushi/vec4 187, 0, 8;
    %cmp/u;
    %jmp/1 T_5.7, 6;
    %dup/vec4;
    %pushi/vec4 219, 0, 8;
    %cmp/u;
    %jmp/1 T_5.8, 6;
    %dup/vec4;
    %pushi/vec4 235, 0, 8;
    %cmp/u;
    %jmp/1 T_5.9, 6;
    %dup/vec4;
    %pushi/vec4 125, 0, 8;
    %cmp/u;
    %jmp/1 T_5.10, 6;
    %dup/vec4;
    %pushi/vec4 189, 0, 8;
    %cmp/u;
    %jmp/1 T_5.11, 6;
    %dup/vec4;
    %pushi/vec4 221, 0, 8;
    %cmp/u;
    %jmp/1 T_5.12, 6;
    %dup/vec4;
    %pushi/vec4 237, 0, 8;
    %cmp/u;
    %jmp/1 T_5.13, 6;
    %dup/vec4;
    %pushi/vec4 126, 0, 8;
    %cmp/u;
    %jmp/1 T_5.14, 6;
    %dup/vec4;
    %pushi/vec4 190, 0, 8;
    %cmp/u;
    %jmp/1 T_5.15, 6;
    %dup/vec4;
    %pushi/vec4 222, 0, 8;
    %cmp/u;
    %jmp/1 T_5.16, 6;
    %dup/vec4;
    %pushi/vec4 238, 0, 8;
    %cmp/u;
    %jmp/1 T_5.17, 6;
    %pushi/vec4 0, 0, 3;
    %assign/vec4 v000001c18c8f4070_0, 0;
    %pushi/vec4 0, 0, 5;
    %assign/vec4 v000001c18c8f3df0_0, 0;
    %jmp T_5.19;
T_5.2 ;
    %pushi/vec4 4, 0, 3;
    %assign/vec4 v000001c18c8f4070_0, 0;
    %pushi/vec4 0, 0, 5;
    %assign/vec4 v000001c18c8f3df0_0, 0;
    %jmp T_5.19;
T_5.3 ;
    %pushi/vec4 2, 0, 3;
    %assign/vec4 v000001c18c8f4070_0, 0;
    %pushi/vec4 2, 0, 5;
    %assign/vec4 v000001c18c8f3df0_0, 0;
    %jmp T_5.19;
T_5.4 ;
    %pushi/vec4 1, 0, 3;
    %assign/vec4 v000001c18c8f4070_0, 0;
    %pushi/vec4 0, 0, 5;
    %assign/vec4 v000001c18c8f3df0_0, 0;
    %jmp T_5.19;
T_5.5 ;
    %pushi/vec4 2, 0, 3;
    %assign/vec4 v000001c18c8f4070_0, 0;
    %pushi/vec4 1, 0, 5;
    %assign/vec4 v000001c18c8f3df0_0, 0;
    %jmp T_5.19;
T_5.6 ;
    %pushi/vec4 2, 0, 3;
    %assign/vec4 v000001c18c8f4070_0, 0;
    %pushi/vec4 4, 0, 5;
    %assign/vec4 v000001c18c8f3df0_0, 0;
    %jmp T_5.19;
T_5.7 ;
    %pushi/vec4 1, 0, 3;
    %assign/vec4 v000001c18c8f4070_0, 0;
    %pushi/vec4 3, 0, 5;
    %assign/vec4 v000001c18c8f3df0_0, 0;
    %jmp T_5.19;
T_5.8 ;
    %pushi/vec4 1, 0, 3;
    %assign/vec4 v000001c18c8f4070_0, 0;
    %pushi/vec4 2, 0, 5;
    %assign/vec4 v000001c18c8f3df0_0, 0;
    %jmp T_5.19;
T_5.9 ;
    %pushi/vec4 1, 0, 3;
    %assign/vec4 v000001c18c8f4070_0, 0;
    %pushi/vec4 1, 0, 5;
    %assign/vec4 v000001c18c8f3df0_0, 0;
    %jmp T_5.19;
T_5.10 ;
    %pushi/vec4 2, 0, 3;
    %assign/vec4 v000001c18c8f4070_0, 0;
    %pushi/vec4 8, 0, 5;
    %assign/vec4 v000001c18c8f3df0_0, 0;
    %jmp T_5.19;
T_5.11 ;
    %pushi/vec4 1, 0, 3;
    %assign/vec4 v000001c18c8f4070_0, 0;
    %pushi/vec4 6, 0, 5;
    %assign/vec4 v000001c18c8f3df0_0, 0;
    %jmp T_5.19;
T_5.12 ;
    %pushi/vec4 1, 0, 3;
    %assign/vec4 v000001c18c8f4070_0, 0;
    %pushi/vec4 5, 0, 5;
    %assign/vec4 v000001c18c8f3df0_0, 0;
    %jmp T_5.19;
T_5.13 ;
    %pushi/vec4 1, 0, 3;
    %assign/vec4 v000001c18c8f4070_0, 0;
    %pushi/vec4 4, 0, 5;
    %assign/vec4 v000001c18c8f3df0_0, 0;
    %jmp T_5.19;
T_5.14 ;
    %pushi/vec4 2, 0, 3;
    %assign/vec4 v000001c18c8f4070_0, 0;
    %pushi/vec4 16, 0, 5;
    %assign/vec4 v000001c18c8f3df0_0, 0;
    %jmp T_5.19;
T_5.15 ;
    %pushi/vec4 1, 0, 3;
    %assign/vec4 v000001c18c8f4070_0, 0;
    %pushi/vec4 9, 0, 5;
    %assign/vec4 v000001c18c8f3df0_0, 0;
    %jmp T_5.19;
T_5.16 ;
    %pushi/vec4 1, 0, 3;
    %assign/vec4 v000001c18c8f4070_0, 0;
    %pushi/vec4 8, 0, 5;
    %assign/vec4 v000001c18c8f3df0_0, 0;
    %jmp T_5.19;
T_5.17 ;
    %pushi/vec4 1, 0, 3;
    %assign/vec4 v000001c18c8f4070_0, 0;
    %pushi/vec4 7, 0, 5;
    %assign/vec4 v000001c18c8f3df0_0, 0;
    %jmp T_5.19;
T_5.19 ;
    %pop/vec4 1;
T_5.1 ;
    %jmp T_5;
    .thread T_5;
    .scope S_000001c18c8db5e0;
T_6 ;
    %wait E_000001c18c8e9e50;
    %load/vec4 v000001c18c8f4430_0;
    %flag_set/vec4 8;
    %jmp/0xz  T_6.0, 8;
    %pushi/vec4 0, 0, 16;
    %assign/vec4 v000001c18c8f4390_0, 0;
    %jmp T_6.1;
T_6.0 ;
    %load/vec4 v000001c18c8f3f30_0;
    %dup/vec4;
    %pushi/vec4 1, 0, 3;
    %cmp/u;
    %jmp/1 T_6.2, 6;
    %dup/vec4;
    %pushi/vec4 2, 0, 3;
    %cmp/u;
    %jmp/1 T_6.3, 6;
    %dup/vec4;
    %pushi/vec4 4, 0, 3;
    %cmp/u;
    %jmp/1 T_6.4, 6;
    %pushi/vec4 0, 0, 16;
    %assign/vec4 v000001c18c8f4390_0, 0;
    %jmp T_6.6;
T_6.2 ;
    %load/vec4 v000001c18c8f3c10_0;
    %pad/u 16;
    %assign/vec4 v000001c18c8f4390_0, 0;
    %jmp T_6.6;
T_6.3 ;
    %load/vec4 v000001c18c8f4570_0;
    %pad/u 16;
    %assign/vec4 v000001c18c8f4390_0, 0;
    %jmp T_6.6;
T_6.4 ;
    %load/vec4 v000001c18c8f42f0_0;
    %assign/vec4 v000001c18c8f4390_0, 0;
    %jmp T_6.6;
T_6.6 ;
    %pop/vec4 1;
T_6.1 ;
    %jmp T_6;
    .thread T_6;
    .scope S_000001c18c8db5e0;
T_7 ;
    %wait E_000001c18c8e9610;
    %load/vec4 v000001c18c8f4430_0;
    %flag_set/vec4 8;
    %jmp/0xz  T_7.0, 8;
    %pushi/vec4 192, 0, 8;
    %store/vec4 v000001c18c8f49d0_0, 0, 8;
    %jmp T_7.1;
T_7.0 ;
    %load/vec4 v000001c18c8f3ad0_0;
    %dup/vec4;
    %pushi/vec4 0, 0, 4;
    %cmp/u;
    %jmp/1 T_7.2, 6;
    %dup/vec4;
    %pushi/vec4 1, 0, 4;
    %cmp/u;
    %jmp/1 T_7.3, 6;
    %dup/vec4;
    %pushi/vec4 2, 0, 4;
    %cmp/u;
    %jmp/1 T_7.4, 6;
    %dup/vec4;
    %pushi/vec4 3, 0, 4;
    %cmp/u;
    %jmp/1 T_7.5, 6;
    %dup/vec4;
    %pushi/vec4 4, 0, 4;
    %cmp/u;
    %jmp/1 T_7.6, 6;
    %dup/vec4;
    %pushi/vec4 5, 0, 4;
    %cmp/u;
    %jmp/1 T_7.7, 6;
    %dup/vec4;
    %pushi/vec4 6, 0, 4;
    %cmp/u;
    %jmp/1 T_7.8, 6;
    %dup/vec4;
    %pushi/vec4 7, 0, 4;
    %cmp/u;
    %jmp/1 T_7.9, 6;
    %dup/vec4;
    %pushi/vec4 8, 0, 4;
    %cmp/u;
    %jmp/1 T_7.10, 6;
    %dup/vec4;
    %pushi/vec4 9, 0, 4;
    %cmp/u;
    %jmp/1 T_7.11, 6;
    %dup/vec4;
    %pushi/vec4 10, 0, 4;
    %cmp/u;
    %jmp/1 T_7.12, 6;
    %dup/vec4;
    %pushi/vec4 11, 0, 4;
    %cmp/u;
    %jmp/1 T_7.13, 6;
    %dup/vec4;
    %pushi/vec4 12, 0, 4;
    %cmp/u;
    %jmp/1 T_7.14, 6;
    %dup/vec4;
    %pushi/vec4 13, 0, 4;
    %cmp/u;
    %jmp/1 T_7.15, 6;
    %dup/vec4;
    %pushi/vec4 14, 0, 4;
    %cmp/u;
    %jmp/1 T_7.16, 6;
    %dup/vec4;
    %pushi/vec4 15, 0, 4;
    %cmp/u;
    %jmp/1 T_7.17, 6;
    %pushi/vec4 192, 0, 8;
    %store/vec4 v000001c18c8f49d0_0, 0, 8;
    %jmp T_7.19;
T_7.2 ;
    %pushi/vec4 192, 0, 8;
    %store/vec4 v000001c18c8f49d0_0, 0, 8;
    %jmp T_7.19;
T_7.3 ;
    %pushi/vec4 249, 0, 8;
    %store/vec4 v000001c18c8f49d0_0, 0, 8;
    %jmp T_7.19;
T_7.4 ;
    %pushi/vec4 164, 0, 8;
    %store/vec4 v000001c18c8f49d0_0, 0, 8;
    %jmp T_7.19;
T_7.5 ;
    %pushi/vec4 176, 0, 8;
    %store/vec4 v000001c18c8f49d0_0, 0, 8;
    %jmp T_7.19;
T_7.6 ;
    %pushi/vec4 153, 0, 8;
    %store/vec4 v000001c18c8f49d0_0, 0, 8;
    %jmp T_7.19;
T_7.7 ;
    %pushi/vec4 146, 0, 8;
    %store/vec4 v000001c18c8f49d0_0, 0, 8;
    %jmp T_7.19;
T_7.8 ;
    %pushi/vec4 130, 0, 8;
    %store/vec4 v000001c18c8f49d0_0, 0, 8;
    %jmp T_7.19;
T_7.9 ;
    %pushi/vec4 248, 0, 8;
    %store/vec4 v000001c18c8f49d0_0, 0, 8;
    %jmp T_7.19;
T_7.10 ;
    %pushi/vec4 128, 0, 8;
    %store/vec4 v000001c18c8f49d0_0, 0, 8;
    %jmp T_7.19;
T_7.11 ;
    %pushi/vec4 144, 0, 8;
    %store/vec4 v000001c18c8f49d0_0, 0, 8;
    %jmp T_7.19;
T_7.12 ;
    %pushi/vec4 136, 0, 8;
    %store/vec4 v000001c18c8f49d0_0, 0, 8;
    %jmp T_7.19;
T_7.13 ;
    %pushi/vec4 131, 0, 8;
    %store/vec4 v000001c18c8f49d0_0, 0, 8;
    %jmp T_7.19;
T_7.14 ;
    %pushi/vec4 198, 0, 8;
    %store/vec4 v000001c18c8f49d0_0, 0, 8;
    %jmp T_7.19;
T_7.15 ;
    %pushi/vec4 161, 0, 8;
    %store/vec4 v000001c18c8f49d0_0, 0, 8;
    %jmp T_7.19;
T_7.16 ;
    %pushi/vec4 134, 0, 8;
    %store/vec4 v000001c18c8f49d0_0, 0, 8;
    %jmp T_7.19;
T_7.17 ;
    %pushi/vec4 142, 0, 8;
    %store/vec4 v000001c18c8f49d0_0, 0, 8;
    %jmp T_7.19;
T_7.19 ;
    %pop/vec4 1;
T_7.1 ;
    %jmp T_7;
    .thread T_7;
    .scope S_000001c18c8a4a40;
T_8 ;
    %pushi/vec4 0, 0, 4;
    %store/vec4 v000001c18c94ca00_0, 0, 4;
    %pushi/vec4 0, 0, 1;
    %store/vec4 v000001c18c94c960_0, 0, 1;
    %pushi/vec4 0, 0, 1;
    %store/vec4 v000001c18c94bec0_0, 0, 1;
    %end;
    .thread T_8;
    .scope S_000001c18c8a4a40;
T_9 ;
    %vpi_call 2 30 "$dumpfile", ".\134wave\134tb_task1_2_top.vcd" {0 0 0};
    %vpi_call 2 31 "$dumpvars", 32'sb00000000000000000000000000000000, S_000001c18c8a4a40 {0 0 0};
    %pushi/vec4 0, 0, 1;
    %store/vec4 v000001c18c94c960_0, 0, 1;
    %pushi/vec4 0, 0, 1;
    %store/vec4 v000001c18c94bec0_0, 0, 1;
    %pushi/vec4 15, 0, 4;
    %store/vec4 v000001c18c94ca00_0, 0, 4;
    %pushi/vec4 1, 0, 1;
    %store/vec4 v000001c18c94bec0_0, 0, 1;
    %delay 10000, 0;
    %pushi/vec4 0, 0, 1;
    %store/vec4 v000001c18c94bec0_0, 0, 1;
    %delay 500000, 0;
    %vpi_call 2 39 "$finish" {0 0 0};
    %end;
    .thread T_9;
    .scope S_000001c18c8a4a40;
T_10 ;
    %delay 1000, 0;
    %load/vec4 v000001c18c94c960_0;
    %inv;
    %store/vec4 v000001c18c94c960_0, 0, 1;
    %jmp T_10;
    .thread T_10;
    .scope S_000001c18c8a4a40;
T_11 ;
    %delay 100000, 0;
    %pushi/vec4 14, 0, 4;
    %store/vec4 v000001c18c94ca00_0, 0, 4;
    %delay 100000, 0;
    %pushi/vec4 13, 0, 4;
    %store/vec4 v000001c18c94ca00_0, 0, 4;
    %delay 100000, 0;
    %pushi/vec4 11, 0, 4;
    %store/vec4 v000001c18c94ca00_0, 0, 4;
    %delay 100000, 0;
    %pushi/vec4 7, 0, 4;
    %store/vec4 v000001c18c94ca00_0, 0, 4;
    %jmp T_11;
    .thread T_11;
# The file index is used to find the file name in the following table.
:file_names 6;
    "N/A";
    "<interactive>";
    "tb_task1_2.v";
    "./task1_2_top.v";
    "./my_key_fre_div.v";
    "./my_key_seg1.v";
